#
# There is insufficient memory for the Java Runtime Environment to continue.
# Native memory allocation (mmap) failed to map 922746880 bytes for G1 virtual space
# Possible reasons:
#   The system is out of physical RAM or swap space
#   The process is running with CompressedOops enabled, and the Java Heap may be blocking the growth of the native heap
# Possible solutions:
#   Reduce memory load on the system
#   Increase physical memory or swap space
#   Check if swap backing store is full
#   Decrease Java heap size (-Xmx/-Xms)
#   Decrease number of Java threads
#   Decrease Java thread stack sizes (-Xss)
#   Set larger code cache with -XX:ReservedCodeCacheSize=
#   JVM is running with Zero Based Compressed Oops mode in which the Java heap is
#     placed in the first 32GB address space. The Java Heap base address is the
#     maximum limit for the native heap growth. Please use -XX:HeapBaseMinAddress
#     to set the Java Heap base and to place the Java Heap above 32GB virtual address.
# This output file may be truncated or incomplete.
#
#  Out of Memory Error (os_windows.cpp:3617), pid=21528, tid=18264
#
# JRE version: OpenJDK Runtime Environment (17.0.8.1+1) (build 17.0.8.1+1-LTS)
# Java VM: OpenJDK 64-Bit Server VM (17.0.8.1+1-LTS, mixed mode, sharing, tiered, compressed oops, compressed class ptrs, g1 gc, windows-amd64)
# No core dump will be written. Minidumps are not enabled by default on client versions of Windows
#

---------------  S U M M A R Y ------------

Command Line: --add-opens=java.base/java.util=ALL-UNNAMED --add-opens=java.base/java.lang=ALL-UNNAMED --add-opens=java.base/java.lang.invoke=ALL-UNNAMED --add-opens=java.prefs/java.util.prefs=ALL-UNNAMED --add-opens=java.base/java.nio.charset=ALL-UNNAMED --add-opens=java.base/java.net=ALL-UNNAMED --add-opens=java.base/java.util.concurrent.atomic=ALL-UNNAMED -Xmx3G -Dfile.encoding=windows-1250 -Duser.country=CZ -Duser.language=cs -Duser.variant -javaagent:C:\Users\Lenovo\.gradle\wrapper\dists\gradle-8.1.1-bin\9wiye5v2saajue4irfo8ybqfp\gradle-8.1.1\lib\agents\gradle-instrumentation-agent-8.1.1.jar org.gradle.launcher.daemon.bootstrap.GradleDaemon 8.1.1

Host: AMD Ryzen 7 5700U with Radeon Graphics         , 16 cores, 13G,  Windows 10 , 64 bit Build 19041 (10.0.19041.3636)
Time: Wed Jan 10 14:12:29 2024 Stindows 10 , 64 bit Build 19041 (10.0.19041.3636) elapsed time: 22.389365 seconds (0d 0h 0m 22s)

---------------  T H R E A D  ---------------

Current thread (0x00000262e2221eb0):  VMThread "VM Thread" [stack: 0x000000ebb8400000,0x000000ebb8500000] [id=18264]

Stack: [0x000000ebb8400000,0x000000ebb8500000]
Native frames: (J=compiled Java code, j=interpreted, Vv=VM code, C=native code)
V  [jvm.dll+0x679bda]
V  [jvm.dll+0x8360a4]
V  [jvm.dll+0x83784e]
V  [jvm.dll+0x837eb3]
V  [jvm.dll+0x247c4f]
V  [jvm.dll+0x676949]
V  [jvm.dll+0x66b2ba]
V  [jvm.dll+0x305da6]
V  [jvm.dll+0x30d196]
V  [jvm.dll+0x35cb7e]
V  [jvm.dll+0x35cdaf]
V  [jvm.dll+0x2dcfe8]
V  [jvm.dll+0x2db3f5]
V  [jvm.dll+0x2da9fc]
V  [jvm.dll+0x31dfeb]
V  [jvm.dll+0x83c6cb]
V  [jvm.dll+0x83d404]
V  [jvm.dll+0x83d91d]
V  [jvm.dll+0x83dcf4]
V  [jvm.dll+0x83ddc0]
V  [jvm.dll+0x7e64ba]
V  [jvm.dll+0x678a25]
C  [ucrtbase.dll+0x21bb2]
C  [KERNEL32.DLL+0x17344]
C  [ntdll.dll+0x526b1]

VM_Operation (0x000000ebc0bfa2a0): G1CollectForAllocation, mode: safepoint, requested by thread 0x000002632d1ccbb0


---------------  P R O C E S S  ---------------

Threads class SMR info:
_java_thread_list=0x0000026328807c80, length=131, elements={
0x00000262bf957290, 0x00000262e22273f0, 0x00000262e2228180, 0x00000262e223fa90,
0x00000262e2242e90, 0x00000262e2244180, 0x00000262e2244a50, 0x00000262e2248df0,
0x00000262e2245d40, 0x00000262e23624c0, 0x00000262e2212c20, 0x00000262e245ba20,
0x00000262e2543ca0, 0x00000263281b3b00, 0x000002632971c5b0, 0x00000263287e2e70,
0x000002632907e6c0, 0x0000026328b11010, 0x0000026328e8bf50, 0x0000026328fe64f0,
0x00000263291503e0, 0x0000026329229ad0, 0x00000262e2c94a60, 0x00000262e2c95ea0,
0x00000262e2c96dd0, 0x00000262e2c95480, 0x00000262e2c963b0, 0x00000262e2c977f0,
0x00000262e2c98210, 0x000002632ab348b0, 0x000002632ab32540, 0x000002632ab306e0,
0x000002632ab32030, 0x000002632ab30bf0, 0x000002632ab34dc0, 0x000002632ab32a50,
0x000002632ab32f60, 0x000002632ab33e90, 0x000002632ab31610, 0x000002632ab31b20,
0x000002632ab301d0, 0x000002632ab2f7b0, 0x000002632ab2fcc0, 0x000002632ab357e0,
0x000002632ab2e880, 0x000002632ab2ed90, 0x000002632901f540, 0x00000263290213a0,
0x000002632901f030, 0x0000026329020470, 0x000002632901eb20, 0x0000026329020e90,
0x000002632901e610, 0x000002632901fa50, 0x00000263290218b0, 0x00000263290222d0,
0x0000026329024130, 0x000002632901ff60, 0x000002632901d1d0, 0x0000026329021dc0,
0x0000026329023c20, 0x0000026329024b50, 0x0000026329020980, 0x00000263290227e0,
0x000002632901d6e0, 0x0000026329022cf0, 0x0000026329023200, 0x0000026329023710,
0x000002632901e100, 0x00000263295afac0, 0x00000263295b0010, 0x00000262e2c95990,
0x00000262e2c24460, 0x00000262e2c1f360, 0x00000262e2c1e430, 0x00000262e2c23f50,
0x00000262e2c20290, 0x00000262e2c1df20, 0x00000262e2c22600, 0x00000262e2c211c0,
0x00000262e2c22b10, 0x00000262e2c24970, 0x00000262e2c1f870, 0x00000262e2c23020,
0x00000262e2c23530, 0x00000262e2c1da10, 0x00000262e2c1e940, 0x00000262e2c1ee50,
0x00000262e2c23a40, 0x00000262e2c24e80, 0x00000262e2c1fd80, 0x00000262e2c207a0,
0x00000262e2c20cb0, 0x00000262e2c25390, 0x00000262e2c220f0, 0x00000262e2c216d0,
0x000002632d1ce500, 0x000002632d1d0d80, 0x000002632d1cd5d0, 0x000002632d1cad50,
0x000002632d1ca330, 0x000002632d1d0870, 0x000002632d1cfe50, 0x000002632d1cc190,
0x000002632d1d1290, 0x000002632d1cf940, 0x000002632d1cea10, 0x000002632d1c9e20,
0x000002632d1cd0c0, 0x00000263282884a0, 0x000002632d1d17a0, 0x000002632d1ca840,
0x000002632d1cb260, 0x000002632d1cef20, 0x000002632d1cb770, 0x000002632d1d0360,
0x000002632d1cbc80, 0x000002632d1cc6a0, 0x000002632d1ccbb0, 0x000002632d1cdae0,
0x000002632d1cdff0, 0x000002632d1cf430, 0x000002632ec3d480, 0x000002632ec3d990,
0x000002632ec3f2e0, 0x000002632ec3ac00, 0x000002632ec3fd00, 0x0000026328287f50,
0x00000263282864c0, 0x0000026328280a70, 0x0000026328283f90
}

Java Threads: ( => current thread )
  0x00000262bf957290 JavaThread "main" [_thread_blocked, id=9860, stack(0x000000ebb7e00000,0x000000ebb7f00000)]
  0x00000262e22273f0 JavaThread "Reference Handler" daemon [_thread_blocked, id=26284, stack(0x000000ebb8500000,0x000000ebb8600000)]
  0x00000262e2228180 JavaThread "Finalizer" daemon [_thread_blocked, id=20456, stack(0x000000ebb8600000,0x000000ebb8700000)]
  0x00000262e223fa90 JavaThread "Signal Dispatcher" daemon [_thread_blocked, id=1568, stack(0x000000ebb8700000,0x000000ebb8800000)]
  0x00000262e2242e90 JavaThread "Attach Listener" daemon [_thread_blocked, id=25276, stack(0x000000ebb8800000,0x000000ebb8900000)]
  0x00000262e2244180 JavaThread "Service Thread" daemon [_thread_blocked, id=18248, stack(0x000000ebb8900000,0x000000ebb8a00000)]
  0x00000262e2244a50 JavaThread "Monitor Deflation Thread" daemon [_thread_blocked, id=10880, stack(0x000000ebb8a00000,0x000000ebb8b00000)]
  0x00000262e2248df0 JavaThread "C2 CompilerThread0" daemon [_thread_blocked, id=3052, stack(0x000000ebb8b00000,0x000000ebb8c00000)]
  0x00000262e2245d40 JavaThread "C1 CompilerThread0" daemon [_thread_blocked, id=7644, stack(0x000000ebb8c00000,0x000000ebb8d00000)]
  0x00000262e23624c0 JavaThread "Sweeper thread" daemon [_thread_blocked, id=24652, stack(0x000000ebb8d00000,0x000000ebb8e00000)]
  0x00000262e2212c20 JavaThread "Common-Cleaner" daemon [_thread_blocked, id=18596, stack(0x000000ebb8e00000,0x000000ebb8f00000)]
  0x00000262e245ba20 JavaThread "C1 CompilerThread1" daemon [_thread_blocked, id=5288, stack(0x000000ebb8f00000,0x000000ebb9000000)]
  0x00000262e2543ca0 JavaThread "Notification Thread" daemon [_thread_blocked, id=4748, stack(0x000000ebb9100000,0x000000ebb9200000)]
  0x00000263281b3b00 JavaThread "C1 CompilerThread2" daemon [_thread_blocked, id=4192, stack(0x000000ebb9400000,0x000000ebb9500000)]
  0x000002632971c5b0 JavaThread "Daemon health stats" [_thread_blocked, id=25148, stack(0x000000ebb9b00000,0x000000ebb9c00000)]
  0x00000263287e2e70 JavaThread "Incoming local TCP Connector on port 54737" [_thread_in_native, id=11748, stack(0x000000ebb9000000,0x000000ebb9100000)]
  0x000002632907e6c0 JavaThread "Daemon periodic checks" [_thread_blocked, id=10776, stack(0x000000ebb9300000,0x000000ebb9400000)]
  0x0000026328b11010 JavaThread "Daemon" [_thread_blocked, id=10148, stack(0x000000ebb9d00000,0x000000ebb9e00000)]
  0x0000026328e8bf50 JavaThread "Handler for socket connection from /127.0.0.1:54737 to /127.0.0.1:54738" [_thread_in_native, id=15564, stack(0x000000ebb9e00000,0x000000ebb9f00000)]
  0x0000026328fe64f0 JavaThread "Cancel handler" [_thread_blocked, id=8168, stack(0x000000ebb9f00000,0x000000ebba000000)]
  0x00000263291503e0 JavaThread "Daemon worker" [_thread_blocked, id=8432, stack(0x000000ebba000000,0x000000ebba100000)]
  0x0000026329229ad0 JavaThread "Asynchronous log dispatcher for DefaultDaemonConnection: socket connection from /127.0.0.1:54737 to /127.0.0.1:54738" [_thread_blocked, id=26224, stack(0x000000ebba100000,0x000000ebba200000)]
  0x00000262e2c94a60 JavaThread "Stdin handler" [_thread_blocked, id=25256, stack(0x000000ebba200000,0x000000ebba300000)]
  0x00000262e2c95ea0 JavaThread "Daemon client event forwarder" [_thread_blocked, id=3668, stack(0x000000ebb9a00000,0x000000ebb9b00000)]
  0x00000262e2c96dd0 JavaThread "Cache worker for journal cache (C:\Users\Lenovo\.gradle\caches\journal-1)" [_thread_blocked, id=13560, stack(0x000000ebb9c00000,0x000000ebb9d00000)]
  0x00000262e2c95480 JavaThread "File lock request listener" [_thread_in_native, id=13988, stack(0x000000ebba300000,0x000000ebba400000)]
  0x00000262e2c963b0 JavaThread "Cache worker for file hash cache (C:\Users\Lenovo\.gradle\caches\8.1.1\fileHashes)" [_thread_blocked, id=12772, stack(0x000000ebba500000,0x000000ebba600000)]
  0x00000262e2c977f0 JavaThread "File watcher server" daemon [_thread_blocked, id=6108, stack(0x000000ebba700000,0x000000ebba800000)]
  0x00000262e2c98210 JavaThread "File watcher consumer" daemon [_thread_blocked, id=23936, stack(0x000000ebba800000,0x000000ebba900000)]
  0x000002632ab348b0 JavaThread "Cache worker for checksums cache (C:\Users\Lenovo\Documents\Minecraft\MOJE mody\teacraft stuff\create tfmg\Create-The_Factory_Must_Grow 1.20.1\.gradle\8.1.1\checksums)" [_thread_blocked, id=14348, stack(0x000000ebba900000,0x000000ebbaa00000)]
  0x000002632ab32540 JavaThread "Cache worker for cache directory md-rule (C:\Users\Lenovo\.gradle\caches\8.1.1\md-rule)" [_thread_blocked, id=19528, stack(0x000000ebbaa00000,0x000000ebbab00000)]
  0x000002632ab306e0 JavaThread "Cache worker for file content cache (C:\Users\Lenovo\.gradle\caches\8.1.1\fileContent)" [_thread_blocked, id=6016, stack(0x000000ebba600000,0x000000ebba700000)]
  0x000002632ab32030 JavaThread "Cache worker for file hash cache (C:\Users\Lenovo\Documents\Minecraft\MOJE mody\teacraft stuff\create tfmg\Create-The_Factory_Must_Grow 1.20.1\.gradle\8.1.1\fileHashes)" [_thread_blocked, id=18060, stack(0x000000ebbb500000,0x000000ebbb600000)]
  0x000002632ab30bf0 JavaThread "Cache worker for cache directory md-supplier (C:\Users\Lenovo\.gradle\caches\8.1.1\md-supplier)" [_thread_blocked, id=16568, stack(0x000000ebba400000,0x000000ebba500000)]
  0x000002632ab34dc0 JavaThread "Cache worker for execution history cache (C:\Users\Lenovo\.gradle\caches\8.1.1\executionHistory)" [_thread_blocked, id=23636, stack(0x000000ebbb600000,0x000000ebbb700000)]
  0x000002632ab32a50 JavaThread "jar transforms" [_thread_blocked, id=25892, stack(0x000000ebbba00000,0x000000ebbbb00000)]
  0x000002632ab32f60 JavaThread "jar transforms Thread 2" [_thread_blocked, id=12788, stack(0x000000ebbbb00000,0x000000ebbbc00000)]
  0x000002632ab33e90 JavaThread "jar transforms Thread 3" [_thread_blocked, id=25072, stack(0x000000ebbbc00000,0x000000ebbbd00000)]
  0x000002632ab31610 JavaThread "jar transforms Thread 4" [_thread_blocked, id=13756, stack(0x000000ebbbd00000,0x000000ebbbe00000)]
  0x000002632ab31b20 JavaThread "jar transforms Thread 5" [_thread_blocked, id=25380, stack(0x000000ebbbe00000,0x000000ebbbf00000)]
  0x000002632ab301d0 JavaThread "jar transforms Thread 6" [_thread_blocked, id=14364, stack(0x000000ebbbf00000,0x000000ebbc000000)]
  0x000002632ab2f7b0 JavaThread "Cache worker for dependencies-accessors (C:\Users\Lenovo\Documents\Minecraft\MOJE mody\teacraft stuff\create tfmg\Create-The_Factory_Must_Grow 1.20.1\.gradle\8.1.1\dependencies-accessors)" [_thread_blocked, id=25828, stack(0x000000ebbc000000,0x000000ebbc100000)]
  0x000002632ab2fcc0 JavaThread "jar transforms Thread 7" [_thread_blocked, id=22200, stack(0x000000ebbc100000,0x000000ebbc200000)]
  0x000002632ab357e0 JavaThread "Cache worker for Build Output Cleanup Cache (C:\Users\Lenovo\Documents\Minecraft\MOJE mody\teacraft stuff\create tfmg\Create-The_Factory_Must_Grow 1.20.1\.gradle\buildOutputCleanup)" [_thread_blocked, id=6060, stack(0x000000ebbc200000,0x000000ebbc300000)]
  0x000002632ab2e880 JavaThread "Unconstrained build operations" [_thread_blocked, id=20388, stack(0x000000ebbc300000,0x000000ebbc400000)]
  0x000002632ab2ed90 JavaThread "Unconstrained build operations Thread 2" [_thread_blocked, id=4840, stack(0x000000ebbc400000,0x000000ebbc500000)]
  0x000002632901f540 JavaThread "Unconstrained build operations Thread 3" [_thread_blocked, id=24580, stack(0x000000ebbc500000,0x000000ebbc600000)]
  0x00000263290213a0 JavaThread "Unconstrained build operations Thread 4" [_thread_blocked, id=24108, stack(0x000000ebbc600000,0x000000ebbc700000)]
  0x000002632901f030 JavaThread "Unconstrained build operations Thread 5" [_thread_blocked, id=23192, stack(0x000000ebbc700000,0x000000ebbc800000)]
  0x0000026329020470 JavaThread "Unconstrained build operations Thread 6" [_thread_blocked, id=20168, stack(0x000000ebbc800000,0x000000ebbc900000)]
  0x000002632901eb20 JavaThread "Unconstrained build operations Thread 7" [_thread_blocked, id=10192, stack(0x000000ebbc900000,0x000000ebbca00000)]
  0x0000026329020e90 JavaThread "Unconstrained build operations Thread 8" [_thread_blocked, id=932, stack(0x000000ebbca00000,0x000000ebbcb00000)]
  0x000002632901e610 JavaThread "Unconstrained build operations Thread 9" [_thread_blocked, id=20248, stack(0x000000ebbcb00000,0x000000ebbcc00000)]
  0x000002632901fa50 JavaThread "Unconstrained build operations Thread 10" [_thread_blocked, id=11096, stack(0x000000ebbcc00000,0x000000ebbcd00000)]
  0x00000263290218b0 JavaThread "Unconstrained build operations Thread 11" [_thread_blocked, id=10048, stack(0x000000ebbcd00000,0x000000ebbce00000)]
  0x00000263290222d0 JavaThread "Unconstrained build operations Thread 12" [_thread_blocked, id=19152, stack(0x000000ebbce00000,0x000000ebbcf00000)]
  0x0000026329024130 JavaThread "Unconstrained build operations Thread 13" [_thread_blocked, id=3756, stack(0x000000ebbcf00000,0x000000ebbd000000)]
  0x000002632901ff60 JavaThread "Unconstrained build operations Thread 14" [_thread_blocked, id=22028, stack(0x000000ebbd000000,0x000000ebbd100000)]
  0x000002632901d1d0 JavaThread "Unconstrained build operations Thread 15" [_thread_blocked, id=25080, stack(0x000000ebbd100000,0x000000ebbd200000)]
  0x0000026329021dc0 JavaThread "jar transforms Thread 8" [_thread_blocked, id=21340, stack(0x000000ebbd200000,0x000000ebbd300000)]
  0x0000026329023c20 JavaThread "jar transforms Thread 9" [_thread_blocked, id=12156, stack(0x000000ebbd300000,0x000000ebbd400000)]
  0x0000026329024b50 JavaThread "jar transforms Thread 10" [_thread_blocked, id=17076, stack(0x000000ebbd400000,0x000000ebbd500000)]
  0x0000026329020980 JavaThread "jar transforms Thread 11" [_thread_blocked, id=21848, stack(0x000000ebbd500000,0x000000ebbd600000)]
  0x00000263290227e0 JavaThread "jar transforms Thread 12" [_thread_blocked, id=25796, stack(0x000000ebbd600000,0x000000ebbd700000)]
  0x000002632901d6e0 JavaThread "jar transforms Thread 13" [_thread_blocked, id=14264, stack(0x000000ebbd700000,0x000000ebbd800000)]
  0x0000026329022cf0 JavaThread "jar transforms Thread 14" [_thread_blocked, id=9892, stack(0x000000ebbd800000,0x000000ebbd900000)]
  0x0000026329023200 JavaThread "jar transforms Thread 15" [_thread_blocked, id=7668, stack(0x000000ebbd900000,0x000000ebbda00000)]
  0x0000026329023710 JavaThread "jar transforms Thread 16" [_thread_blocked, id=20004, stack(0x000000ebbda00000,0x000000ebbdb00000)]
  0x000002632901e100 JavaThread "Keep-Alive-Timer" daemon [_thread_blocked, id=19400, stack(0x000000ebbb800000,0x000000ebbb900000)]
  0x00000263295afac0 JavaThread "C2 CompilerThread1" daemon [_thread_blocked, id=12512, stack(0x000000ebbb700000,0x000000ebbb800000)]
  0x00000263295b0010 JavaThread "C2 CompilerThread2" daemon [_thread_blocked, id=8052, stack(0x000000ebbb900000,0x000000ebbba00000)]
  0x00000262e2c95990 JavaThread "Memory manager" [_thread_blocked, id=7296, stack(0x000000ebbdb00000,0x000000ebbdc00000)]
  0x00000262e2c24460 JavaThread "ForkJoinPool.commonPool-worker-1" daemon [_thread_blocked, id=7036, stack(0x000000ebbe100000,0x000000ebbe200000)]
  0x00000262e2c1f360 JavaThread "ForkJoinPool.commonPool-worker-2" daemon [_thread_blocked, id=12388, stack(0x000000ebbe200000,0x000000ebbe300000)]
  0x00000262e2c1e430 JavaThread "ForkJoinPool.commonPool-worker-3" daemon [_thread_blocked, id=1484, stack(0x000000ebbe300000,0x000000ebbe400000)]
  0x00000262e2c23f50 JavaThread "ForkJoinPool.commonPool-worker-4" daemon [_thread_blocked, id=12848, stack(0x000000ebbe400000,0x000000ebbe500000)]
  0x00000262e2c20290 JavaThread "ForkJoinPool.commonPool-worker-5" daemon [_thread_blocked, id=17332, stack(0x000000ebbe500000,0x000000ebbe600000)]
  0x00000262e2c1df20 JavaThread "ForkJoinPool.commonPool-worker-6" daemon [_thread_blocked, id=22320, stack(0x000000ebbe600000,0x000000ebbe700000)]
  0x00000262e2c22600 JavaThread "ForkJoinPool.commonPool-worker-7" daemon [_thread_blocked, id=15396, stack(0x000000ebbe700000,0x000000ebbe800000)]
  0x00000262e2c211c0 JavaThread "ForkJoinPool.commonPool-worker-8" daemon [_thread_blocked, id=9952, stack(0x000000ebbe800000,0x000000ebbe900000)]
  0x00000262e2c22b10 JavaThread "ForkJoinPool.commonPool-worker-9" daemon [_thread_blocked, id=5864, stack(0x000000ebbe900000,0x000000ebbea00000)]
  0x00000262e2c24970 JavaThread "ForkJoinPool.commonPool-worker-10" daemon [_thread_blocked, id=10560, stack(0x000000ebbea00000,0x000000ebbeb00000)]
  0x00000262e2c1f870 JavaThread "ForkJoinPool.commonPool-worker-11" daemon [_thread_blocked, id=6332, stack(0x000000ebbeb00000,0x000000ebbec00000)]
  0x00000262e2c23020 JavaThread "Exec process" [_thread_blocked, id=8344, stack(0x000000ebbec00000,0x000000ebbed00000)]
  0x00000262e2c23530 JavaThread "Exec process Thread 2" [_thread_blocked, id=10264, stack(0x000000ebbed00000,0x000000ebbee00000)]
  0x00000262e2c1da10 JavaThread "Exec process Thread 3" [_thread_blocked, id=3820, stack(0x000000ebbee00000,0x000000ebbef00000)]
  0x00000262e2c1e940 JavaThread "Unconstrained build operations Thread 16" [_thread_blocked, id=22032, stack(0x000000ebb9500000,0x000000ebb9600000)]
  0x00000262e2c1ee50 JavaThread "Unconstrained build operations Thread 17" [_thread_blocked, id=25060, stack(0x000000ebbdc00000,0x000000ebbdd00000)]
  0x00000262e2c23a40 JavaThread "Unconstrained build operations Thread 18" [_thread_blocked, id=17508, stack(0x000000ebbdd00000,0x000000ebbde00000)]
  0x00000262e2c24e80 JavaThread "Unconstrained build operations Thread 19" [_thread_blocked, id=6932, stack(0x000000ebbde00000,0x000000ebbdf00000)]
  0x00000262e2c1fd80 JavaThread "Unconstrained build operations Thread 20" [_thread_blocked, id=15444, stack(0x000000ebbdf00000,0x000000ebbe000000)]
  0x00000262e2c207a0 JavaThread "Unconstrained build operations Thread 21" [_thread_blocked, id=8652, stack(0x000000ebbe000000,0x000000ebbe100000)]
  0x00000262e2c20cb0 JavaThread "Unconstrained build operations Thread 22" [_thread_blocked, id=9812, stack(0x000000ebbef00000,0x000000ebbf000000)]
  0x00000262e2c25390 JavaThread "Unconstrained build operations Thread 23" [_thread_blocked, id=17204, stack(0x000000ebbf000000,0x000000ebbf100000)]
  0x00000262e2c220f0 JavaThread "Unconstrained build operations Thread 24" [_thread_blocked, id=18980, stack(0x000000ebbf200000,0x000000ebbf300000)]
  0x00000262e2c216d0 JavaThread "Unconstrained build operations Thread 25" [_thread_blocked, id=26288, stack(0x000000ebbf300000,0x000000ebbf400000)]
  0x000002632d1ce500 JavaThread "Unconstrained build operations Thread 26" [_thread_blocked, id=20696, stack(0x000000ebbf400000,0x000000ebbf500000)]
  0x000002632d1d0d80 JavaThread "Unconstrained build operations Thread 27" [_thread_blocked, id=24488, stack(0x000000ebbf500000,0x000000ebbf600000)]
  0x000002632d1cd5d0 JavaThread "Unconstrained build operations Thread 28" [_thread_blocked, id=3708, stack(0x000000ebbf600000,0x000000ebbf700000)]
  0x000002632d1cad50 JavaThread "Unconstrained build operations Thread 29" [_thread_blocked, id=5428, stack(0x000000ebbf700000,0x000000ebbf800000)]
  0x000002632d1ca330 JavaThread "Unconstrained build operations Thread 30" [_thread_blocked, id=10304, stack(0x000000ebbf800000,0x000000ebbf900000)]
  0x000002632d1d0870 JavaThread "Unconstrained build operations Thread 31" [_thread_blocked, id=648, stack(0x000000ebbf900000,0x000000ebbfa00000)]
  0x000002632d1cfe50 JavaThread "Unconstrained build operations Thread 32" [_thread_blocked, id=13460, stack(0x000000ebbfa00000,0x000000ebbfb00000)]
  0x000002632d1cc190 JavaThread "Unconstrained build operations Thread 33" [_thread_blocked, id=20656, stack(0x000000ebbfb00000,0x000000ebbfc00000)]
  0x000002632d1d1290 JavaThread "Unconstrained build operations Thread 34" [_thread_blocked, id=22636, stack(0x000000ebbfc00000,0x000000ebbfd00000)]
  0x000002632d1cf940 JavaThread "Unconstrained build operations Thread 35" [_thread_blocked, id=11160, stack(0x000000ebbfd00000,0x000000ebbfe00000)]
  0x000002632d1cea10 JavaThread "Unconstrained build operations Thread 36" [_thread_blocked, id=16016, stack(0x000000ebbfe00000,0x000000ebbff00000)]
  0x000002632d1c9e20 JavaThread "Unconstrained build operations Thread 37" [_thread_blocked, id=13376, stack(0x000000ebbff00000,0x000000ebc0000000)]
  0x000002632d1cd0c0 JavaThread "Unconstrained build operations Thread 38" [_thread_blocked, id=18500, stack(0x000000ebc0000000,0x000000ebc0100000)]
  0x00000263282884a0 JavaThread "C2 CompilerThread3" daemon [_thread_blocked, id=24368, stack(0x000000ebc0100000,0x000000ebc0200000)]
  0x000002632d1d17a0 JavaThread "included builds" [_thread_blocked, id=7020, stack(0x000000ebc0300000,0x000000ebc0400000)]
  0x000002632d1ca840 JavaThread "Execution worker" [_thread_blocked, id=11308, stack(0x000000ebc0400000,0x000000ebc0500000)]
  0x000002632d1cb260 JavaThread "Execution worker Thread 2" [_thread_blocked, id=12040, stack(0x000000ebc0500000,0x000000ebc0600000)]
  0x000002632d1cef20 JavaThread "Execution worker Thread 3" [_thread_blocked, id=9112, stack(0x000000ebc0600000,0x000000ebc0700000)]
  0x000002632d1cb770 JavaThread "Execution worker Thread 4" [_thread_blocked, id=22376, stack(0x000000ebc0700000,0x000000ebc0800000)]
  0x000002632d1d0360 JavaThread "Execution worker Thread 5" [_thread_blocked, id=11580, stack(0x000000ebc0800000,0x000000ebc0900000)]
  0x000002632d1cbc80 JavaThread "Execution worker Thread 6" [_thread_blocked, id=24204, stack(0x000000ebc0900000,0x000000ebc0a00000)]
  0x000002632d1cc6a0 JavaThread "Execution worker Thread 7" [_thread_blocked, id=8512, stack(0x000000ebc0a00000,0x000000ebc0b00000)]
  0x000002632d1ccbb0 JavaThread "Execution worker Thread 8" [_thread_blocked, id=13132, stack(0x000000ebc0b00000,0x000000ebc0c00000)]
  0x000002632d1cdae0 JavaThread "Execution worker Thread 9" [_thread_blocked, id=180, stack(0x000000ebc0c00000,0x000000ebc0d00000)]
  0x000002632d1cdff0 JavaThread "Execution worker Thread 10" [_thread_blocked, id=26436, stack(0x000000ebc0d00000,0x000000ebc0e00000)]
  0x000002632d1cf430 JavaThread "Execution worker Thread 11" [_thread_blocked, id=1496, stack(0x000000ebc0e00000,0x000000ebc0f00000)]
  0x000002632ec3d480 JavaThread "Execution worker Thread 12" [_thread_blocked, id=20716, stack(0x000000ebc0f00000,0x000000ebc1000000)]
  0x000002632ec3d990 JavaThread "Execution worker Thread 13" [_thread_blocked, id=18936, stack(0x000000ebc1000000,0x000000ebc1100000)]
  0x000002632ec3f2e0 JavaThread "Execution worker Thread 14" [_thread_blocked, id=18396, stack(0x000000ebc1100000,0x000000ebc1200000)]
  0x000002632ec3ac00 JavaThread "Execution worker Thread 15" [_thread_blocked, id=11088, stack(0x000000ebc1200000,0x000000ebc1300000)]
  0x000002632ec3fd00 JavaThread "Cache worker for execution history cache (C:\Users\Lenovo\Documents\Minecraft\MOJE mody\teacraft stuff\create tfmg\Create-The_Factory_Must_Grow 1.20.1\.gradle\8.1.1\executionHistory)" [_thread_blocked, id=13872, stack(0x000000ebc1300000,0x000000ebc1400000)]
  0x0000026328287f50 JavaThread "C2 CompilerThread4" daemon [_thread_blocked, id=25220, stack(0x000000ebc1e00000,0x000000ebc1f00000)]
  0x00000263282864c0 JavaThread "C2 CompilerThread5" daemon [_thread_blocked, id=12936, stack(0x000000ebc1f00000,0x000000ebc2000000)]
  0x0000026328280a70 JavaThread "C2 CompilerThread6" daemon [_thread_blocked, id=8608, stack(0x000000ebc2000000,0x000000ebc2100000)]
  0x0000026328283f90 JavaThread "C2 CompilerThread7" daemon [_thread_blocked, id=18256, stack(0x000000ebc2100000,0x000000ebc2200000)]

Other Threads:
=>0x00000262e2221eb0 VMThread "VM Thread" [stack: 0x000000ebb8400000,0x000000ebb8500000] [id=18264]
  0x00000262e25cf3d0 WatcherThread [stack: 0x000000ebb9200000,0x000000ebb9300000] [id=22476]
  0x00000262bf9b1dc0 GCTaskThread "GC Thread#0" [stack: 0x000000ebb7f00000,0x000000ebb8000000] [id=25624]
  0x0000026328293b20 GCTaskThread "GC Thread#1" [stack: 0x000000ebb9600000,0x000000ebb9700000] [id=2600]
  0x00000263282941f0 GCTaskThread "GC Thread#2" [stack: 0x000000ebb9700000,0x000000ebb9800000] [id=10552]
  0x00000263281bc520 GCTaskThread "GC Thread#3" [stack: 0x000000ebb9800000,0x000000ebb9900000] [id=22760]
  0x00000263281bc7e0 GCTaskThread "GC Thread#4" [stack: 0x000000ebb9900000,0x000000ebb9a00000] [id=4240]
  0x000002632bb765a0 GCTaskThread "GC Thread#5" [stack: 0x000000ebbab00000,0x000000ebbac00000] [id=23416]
  0x00000263293d1fe0 GCTaskThread "GC Thread#6" [stack: 0x000000ebbac00000,0x000000ebbad00000] [id=23296]
  0x0000026329c5ac30 GCTaskThread "GC Thread#7" [stack: 0x000000ebbad00000,0x000000ebbae00000] [id=24648]
  0x000002632bb8aae0 GCTaskThread "GC Thread#8" [stack: 0x000000ebbae00000,0x000000ebbaf00000] [id=26156]
  0x000002632c613130 GCTaskThread "GC Thread#9" [stack: 0x000000ebbaf00000,0x000000ebbb000000] [id=26076]
  0x000002632a3702d0 GCTaskThread "GC Thread#10" [stack: 0x000000ebbb000000,0x000000ebbb100000] [id=26036]
  0x000002632a8c1a20 GCTaskThread "GC Thread#11" [stack: 0x000000ebbb100000,0x000000ebbb200000] [id=10796]
  0x000002632a8c09a0 GCTaskThread "GC Thread#12" [stack: 0x000000ebbb200000,0x000000ebbb300000] [id=24148]
  0x00000262bf9bec20 ConcurrentGCThread "G1 Main Marker" [stack: 0x000000ebb8000000,0x000000ebb8100000] [id=9648]
  0x00000262bf9bfce0 ConcurrentGCThread "G1 Conc#0" [stack: 0x000000ebb8100000,0x000000ebb8200000] [id=18536]
  0x000002632a8c1ce0 ConcurrentGCThread "G1 Conc#1" [stack: 0x000000ebbb300000,0x000000ebbb400000] [id=6344]
  0x000002632a8c0c60 ConcurrentGCThread "G1 Conc#2" [stack: 0x000000ebbb400000,0x000000ebbb500000] [id=26184]
  0x00000262e20d9a40 ConcurrentGCThread "G1 Refine#0" [stack: 0x000000ebb8200000,0x000000ebb8300000] [id=22328]
  0x00000262e2450470 ConcurrentGCThread "G1 Refine#1" [stack: 0x000000ebc0200000,0x000000ebc0300000] [id=20112]
  0x00000262e2450d40 ConcurrentGCThread "G1 Refine#2" [stack: 0x000000ebc1400000,0x000000ebc1500000] [id=25508]
  0x00000262e2451ee0 ConcurrentGCThread "G1 Refine#3" [stack: 0x000000ebc1500000,0x000000ebc1600000] [id=16100]
  0x00000262e244e710 ConcurrentGCThread "G1 Refine#4" [stack: 0x000000ebc1600000,0x000000ebc1700000] [id=6540]
  0x00000262e244ea00 ConcurrentGCThread "G1 Refine#5" [stack: 0x000000ebc1700000,0x000000ebc1800000] [id=19324]
  0x00000262e244ecf0 ConcurrentGCThread "G1 Refine#6" [stack: 0x000000ebc1800000,0x000000ebc1900000] [id=16092]
  0x00000262e244f5c0 ConcurrentGCThread "G1 Refine#7" [stack: 0x000000ebc1900000,0x000000ebc1a00000] [id=11572]
  0x00000262e244f8b0 ConcurrentGCThread "G1 Refine#8" [stack: 0x000000ebc1a00000,0x000000ebc1b00000] [id=18704]
  0x00000263289062a0 ConcurrentGCThread "G1 Refine#9" [stack: 0x000000ebc1b00000,0x000000ebc1c00000] [id=15968]
  0x000002632a86d4b0 ConcurrentGCThread "G1 Refine#10" [stack: 0x000000ebc1c00000,0x000000ebc1d00000] [id=21008]
  0x000002632a86cbe0 ConcurrentGCThread "G1 Refine#11" [stack: 0x000000ebc1d00000,0x000000ebc1e00000] [id=2080]
  0x000002632a86d1c0 ConcurrentGCThread "G1 Refine#12" [stack: 0x000000ebc2200000,0x000000ebc2300000] [id=9460]
  0x00000262e20da380 ConcurrentGCThread "G1 Service" [stack: 0x000000ebb8300000,0x000000ebb8400000] [id=5012]

Threads with active compile tasks:

VM state: at safepoint (normal execution)

VM Mutex/Monitor currently owned by a thread:  ([mutex/lock_event])
[0x00000262bf9540a0] Threads_lock - owner thread: 0x00000262e2221eb0
[0x00000262bf952fc0] Heap_lock - owner thread: 0x000002632d1ccbb0

Heap address: 0x0000000740000000, size: 3072 MB, Compressed Oops mode: Zero based, Oop shift amount: 3

CDS archive(s) mapped at: [0x00000262e3000000-0x00000262e3bd0000-0x00000262e3bd0000), size 12386304, SharedBaseAddress: 0x00000262e3000000, ArchiveRelocationMode: 1.
Compressed class space mapped at: 0x00000262e4000000-0x0000026324000000, reserved size: 1073741824
Narrow klass base: 0x00000262e3000000, Narrow klass shift: 0, Narrow klass range: 0x100000000

GC Precious Log:
 CPUs: 16 total, 16 available
 Memory: 14197M
 Large Page Support: Disabled
 NUMA Support: Disabled
 Compressed Oops: Enabled (Zero based)
 Heap Region Size: 2M
 Heap Min Capacity: 8M
 Heap Initial Capacity: 222M
 Heap Max Capacity: 3G
 Pre-touch: Disabled
 Parallel Workers: 13
 Concurrent Workers: 3
 Concurrent Refinement Workers: 13
 Periodic GC: Disabled

Heap:
 garbage-first heap   total 450560K, used 205113K [0x0000000740000000, 0x0000000800000000)
  region size 2048K, 2 young (4096K), 2 survivors (4096K)
 Metaspace       used 64953K, committed 65728K, reserved 1114112K
  class space    used 9053K, committed 9408K, reserved 1048576K

Heap Regions: E=young(eden), S=young(survivor), O=old, HS=humongous(starts), HC=humongous(continues), CS=collection set, F=free, OA=open archive, CA=closed archive, TAMS=top-at-mark-start (previous, next)
|   0|0x0000000740000000, 0x0000000740200000, 0x0000000740200000|100%|HS|  |TAMS 0x0000000740200000, 0x0000000740000000| Complete 
|   1|0x0000000740200000, 0x0000000740400000, 0x0000000740400000|100%|HC|  |TAMS 0x0000000740400000, 0x0000000740200000| Complete 
|   2|0x0000000740400000, 0x0000000740600000, 0x0000000740600000|100%| O|  |TAMS 0x0000000740600000, 0x0000000740400000| Untracked 
|   3|0x0000000740600000, 0x0000000740800000, 0x0000000740800000|100%| O|  |TAMS 0x0000000740800000, 0x0000000740600000| Untracked 
|   4|0x0000000740800000, 0x0000000740a00000, 0x0000000740a00000|100%| O|  |TAMS 0x0000000740a00000, 0x0000000740800000| Untracked 
|   5|0x0000000740a00000, 0x0000000740c00000, 0x0000000740c00000|100%| O|  |TAMS 0x0000000740c00000, 0x0000000740a00000| Untracked 
|   6|0x0000000740c00000, 0x0000000740e00000, 0x0000000740e00000|100%| O|  |TAMS 0x0000000740e00000, 0x0000000740c00000| Untracked 
|   7|0x0000000740e00000, 0x0000000741000000, 0x0000000741000000|100%| O|  |TAMS 0x0000000741000000, 0x0000000740e00000| Untracked 
|   8|0x0000000741000000, 0x0000000741200000, 0x0000000741200000|100%| O|  |TAMS 0x0000000741200000, 0x0000000741000000| Untracked 
|   9|0x0000000741200000, 0x0000000741400000, 0x0000000741400000|100%| O|  |TAMS 0x0000000741400000, 0x0000000741200000| Untracked 
|  10|0x0000000741400000, 0x0000000741600000, 0x0000000741600000|100%| O|  |TAMS 0x0000000741600000, 0x0000000741400000| Untracked 
|  11|0x0000000741600000, 0x0000000741800000, 0x0000000741800000|100%| O|  |TAMS 0x0000000741800000, 0x0000000741600000| Untracked 
|  12|0x0000000741800000, 0x0000000741a00000, 0x0000000741a00000|100%|HS|  |TAMS 0x0000000741a00000, 0x0000000741800000| Complete 
|  13|0x0000000741a00000, 0x0000000741c00000, 0x0000000741c00000|100%| O|  |TAMS 0x0000000741c00000, 0x0000000741a00000| Untracked 
|  14|0x0000000741c00000, 0x0000000741e00000, 0x0000000741e00000|100%| O|  |TAMS 0x0000000741e00000, 0x0000000741c00000| Untracked 
|  15|0x0000000741e00000, 0x0000000742000000, 0x0000000742000000|100%| O|  |TAMS 0x0000000742000000, 0x0000000741e00000| Untracked 
|  16|0x0000000742000000, 0x0000000742200000, 0x0000000742200000|100%| O|  |TAMS 0x0000000742200000, 0x0000000742000000| Untracked 
|  17|0x0000000742200000, 0x0000000742400000, 0x0000000742400000|100%| O|  |TAMS 0x0000000742400000, 0x0000000742200000| Untracked 
|  18|0x0000000742400000, 0x0000000742600000, 0x0000000742600000|100%| O|  |TAMS 0x0000000742600000, 0x0000000742400000| Untracked 
|  19|0x0000000742600000, 0x0000000742800000, 0x0000000742800000|100%| O|  |TAMS 0x0000000742800000, 0x0000000742600000| Untracked 
|  20|0x0000000742800000, 0x0000000742a00000, 0x0000000742a00000|100%| O|  |TAMS 0x0000000742a00000, 0x0000000742800000| Untracked 
|  21|0x0000000742a00000, 0x0000000742c00000, 0x0000000742c00000|100%| O|  |TAMS 0x0000000742c00000, 0x0000000742a00000| Untracked 
|  22|0x0000000742c00000, 0x0000000742e00000, 0x0000000742e00000|100%| O|  |TAMS 0x0000000742e00000, 0x0000000742c00000| Untracked 
|  23|0x0000000742e00000, 0x0000000743000000, 0x0000000743000000|100%| O|  |TAMS 0x0000000743000000, 0x0000000742e00000| Untracked 
|  24|0x0000000743000000, 0x0000000743200000, 0x0000000743200000|100%| O|  |TAMS 0x0000000743200000, 0x0000000743000000| Untracked 
|  25|0x0000000743200000, 0x0000000743400000, 0x0000000743400000|100%| O|  |TAMS 0x0000000743400000, 0x0000000743200000| Untracked 
|  26|0x0000000743400000, 0x0000000743600000, 0x0000000743600000|100%| O|  |TAMS 0x0000000743600000, 0x0000000743400000| Untracked 
|  27|0x0000000743600000, 0x0000000743800000, 0x0000000743800000|100%| O|  |TAMS 0x0000000743800000, 0x0000000743600000| Untracked 
|  28|0x0000000743800000, 0x0000000743a00000, 0x0000000743a00000|100%| O|  |TAMS 0x0000000743a00000, 0x0000000743800000| Untracked 
|  29|0x0000000743a00000, 0x0000000743c00000, 0x0000000743c00000|100%| O|  |TAMS 0x0000000743c00000, 0x0000000743a00000| Untracked 
|  30|0x0000000743c00000, 0x0000000743e00000, 0x0000000743e00000|100%| O|  |TAMS 0x0000000743e00000, 0x0000000743c00000| Untracked 
|  31|0x0000000743e00000, 0x0000000743e00000, 0x0000000744000000|  0%| F|  |TAMS 0x0000000743e00000, 0x0000000743e00000| Untracked 
|  32|0x0000000744000000, 0x0000000744200000, 0x0000000744200000|100%| O|  |TAMS 0x0000000744000000, 0x0000000744000000| Untracked 
|  33|0x0000000744200000, 0x0000000744400000, 0x0000000744400000|100%| O|  |TAMS 0x0000000744200000, 0x0000000744200000| Untracked 
|  34|0x0000000744400000, 0x0000000744400000, 0x0000000744600000|  0%| F|  |TAMS 0x0000000744400000, 0x0000000744400000| Untracked 
|  35|0x0000000744600000, 0x0000000744800000, 0x0000000744800000|100%| O|  |TAMS 0x0000000744800000, 0x0000000744600000| Untracked 
|  36|0x0000000744800000, 0x0000000744a00000, 0x0000000744a00000|100%| O|  |TAMS 0x0000000744a00000, 0x0000000744800000| Untracked 
|  37|0x0000000744a00000, 0x0000000744c00000, 0x0000000744c00000|100%| O|  |TAMS 0x0000000744c00000, 0x0000000744a00000| Untracked 
|  38|0x0000000744c00000, 0x0000000744e00000, 0x0000000744e00000|100%| O|  |TAMS 0x0000000744e00000, 0x0000000744c00000| Untracked 
|  39|0x0000000744e00000, 0x0000000745000000, 0x0000000745000000|100%| O|  |TAMS 0x0000000745000000, 0x0000000744e00000| Untracked 
|  40|0x0000000745000000, 0x0000000745000000, 0x0000000745200000|  0%| F|  |TAMS 0x0000000745000000, 0x0000000745000000| Untracked 
|  41|0x0000000745200000, 0x0000000745200000, 0x0000000745400000|  0%| F|  |TAMS 0x0000000745200000, 0x0000000745200000| Untracked 
|  42|0x0000000745400000, 0x0000000745600000, 0x0000000745600000|100%| O|  |TAMS 0x0000000745400000, 0x0000000745400000| Untracked 
|  43|0x0000000745600000, 0x0000000745800000, 0x0000000745800000|100%| O|  |TAMS 0x0000000745600000, 0x0000000745600000| Untracked 
|  44|0x0000000745800000, 0x0000000745a00000, 0x0000000745a00000|100%| O|  |TAMS 0x0000000745a00000, 0x0000000745800000| Untracked 
|  45|0x0000000745a00000, 0x0000000745c00000, 0x0000000745c00000|100%| O|  |TAMS 0x0000000745c00000, 0x0000000745a00000| Untracked 
|  46|0x0000000745c00000, 0x0000000745e00000, 0x0000000745e00000|100%| O|  |TAMS 0x0000000745e00000, 0x0000000745c00000| Untracked 
|  47|0x0000000745e00000, 0x0000000746000000, 0x0000000746000000|100%| O|  |TAMS 0x0000000746000000, 0x0000000745e00000| Untracked 
|  48|0x0000000746000000, 0x0000000746200000, 0x0000000746200000|100%| O|  |TAMS 0x0000000746200000, 0x0000000746000000| Untracked 
|  49|0x0000000746200000, 0x0000000746400000, 0x0000000746400000|100%| O|  |TAMS 0x0000000746400000, 0x0000000746200000| Untracked 
|  50|0x0000000746400000, 0x000000074644e600, 0x0000000746600000| 15%| O|  |TAMS 0x0000000746400000, 0x0000000746400000| Untracked 
|  51|0x0000000746600000, 0x0000000746600000, 0x0000000746800000|  0%| F|  |TAMS 0x0000000746600000, 0x0000000746600000| Untracked 
|  52|0x0000000746800000, 0x0000000746a00000, 0x0000000746a00000|100%| O|  |TAMS 0x0000000746a00000, 0x0000000746800000| Untracked 
|  53|0x0000000746a00000, 0x0000000746c00000, 0x0000000746c00000|100%| O|  |TAMS 0x0000000746c00000, 0x0000000746a00000| Untracked 
|  54|0x0000000746c00000, 0x0000000746e00000, 0x0000000746e00000|100%| O|  |TAMS 0x0000000746e00000, 0x0000000746c00000| Untracked 
|  55|0x0000000746e00000, 0x0000000746e00000, 0x0000000747000000|  0%| F|  |TAMS 0x0000000746e00000, 0x0000000746e00000| Untracked 
|  56|0x0000000747000000, 0x0000000747000000, 0x0000000747200000|  0%| F|  |TAMS 0x0000000747000000, 0x0000000747000000| Untracked 
|  57|0x0000000747200000, 0x0000000747200000, 0x0000000747400000|  0%| F|  |TAMS 0x0000000747200000, 0x0000000747200000| Untracked 
|  58|0x0000000747400000, 0x0000000747600000, 0x0000000747600000|100%| O|  |TAMS 0x0000000747600000, 0x0000000747400000| Untracked 
|  59|0x0000000747600000, 0x0000000747800000, 0x0000000747800000|100%| O|  |TAMS 0x0000000747800000, 0x0000000747600000| Untracked 
|  60|0x0000000747800000, 0x0000000747a00000, 0x0000000747a00000|100%| O|  |TAMS 0x0000000747a00000, 0x0000000747800000| Untracked 
|  61|0x0000000747a00000, 0x0000000747c00000, 0x0000000747c00000|100%| O|  |TAMS 0x0000000747c00000, 0x0000000747a00000| Untracked 
|  62|0x0000000747c00000, 0x0000000747e00000, 0x0000000747e00000|100%| O|  |TAMS 0x0000000747e00000, 0x0000000747c00000| Untracked 
|  63|0x0000000747e00000, 0x0000000748000000, 0x0000000748000000|100%| O|  |TAMS 0x0000000748000000, 0x0000000747e00000| Untracked 
|  64|0x0000000748000000, 0x0000000748200000, 0x0000000748200000|100%| O|  |TAMS 0x0000000748200000, 0x0000000748000000| Untracked 
|  65|0x0000000748200000, 0x0000000748400000, 0x0000000748400000|100%| O|  |TAMS 0x0000000748400000, 0x0000000748200000| Untracked 
|  66|0x0000000748400000, 0x0000000748600000, 0x0000000748600000|100%| O|  |TAMS 0x0000000748600000, 0x0000000748400000| Untracked 
|  67|0x0000000748600000, 0x0000000748800000, 0x0000000748800000|100%| O|  |TAMS 0x0000000748800000, 0x0000000748600000| Untracked 
|  68|0x0000000748800000, 0x0000000748a00000, 0x0000000748a00000|100%| O|  |TAMS 0x0000000748a00000, 0x0000000748800000| Untracked 
|  69|0x0000000748a00000, 0x0000000748c00000, 0x0000000748c00000|100%| O|  |TAMS 0x0000000748c00000, 0x0000000748a00000| Untracked 
|  70|0x0000000748c00000, 0x0000000748e00000, 0x0000000748e00000|100%| O|  |TAMS 0x0000000748e00000, 0x0000000748c00000| Untracked 
|  71|0x0000000748e00000, 0x0000000749000000, 0x0000000749000000|100%| O|  |TAMS 0x0000000749000000, 0x0000000748e00000| Untracked 
|  72|0x0000000749000000, 0x0000000749200000, 0x0000000749200000|100%| O|  |TAMS 0x0000000749200000, 0x0000000749000000| Untracked 
|  73|0x0000000749200000, 0x0000000749400000, 0x0000000749400000|100%| O|  |TAMS 0x0000000749400000, 0x0000000749200000| Untracked 
|  74|0x0000000749400000, 0x0000000749600000, 0x0000000749600000|100%| O|  |TAMS 0x0000000749600000, 0x0000000749400000| Untracked 
|  75|0x0000000749600000, 0x0000000749800000, 0x0000000749800000|100%| O|  |TAMS 0x0000000749800000, 0x0000000749600000| Untracked 
|  76|0x0000000749800000, 0x0000000749a00000, 0x0000000749a00000|100%| O|  |TAMS 0x0000000749a00000, 0x0000000749800000| Untracked 
|  77|0x0000000749a00000, 0x0000000749c00000, 0x0000000749c00000|100%| O|  |TAMS 0x0000000749c00000, 0x0000000749a00000| Untracked 
|  78|0x0000000749c00000, 0x0000000749c00000, 0x0000000749e00000|  0%| F|  |TAMS 0x0000000749c00000, 0x0000000749c00000| Untracked 
|  79|0x0000000749e00000, 0x000000074a000000, 0x000000074a000000|100%| O|  |TAMS 0x000000074a000000, 0x0000000749e00000| Untracked 
|  80|0x000000074a000000, 0x000000074a200000, 0x000000074a200000|100%| O|  |TAMS 0x000000074a200000, 0x000000074a000000| Untracked 
|  81|0x000000074a200000, 0x000000074a200000, 0x000000074a400000|  0%| F|  |TAMS 0x000000074a200000, 0x000000074a200000| Untracked 
|  82|0x000000074a400000, 0x000000074a400000, 0x000000074a600000|  0%| F|  |TAMS 0x000000074a400000, 0x000000074a400000| Untracked 
|  83|0x000000074a600000, 0x000000074a800000, 0x000000074a800000|100%| O|  |TAMS 0x000000074a800000, 0x000000074a600000| Untracked 
|  84|0x000000074a800000, 0x000000074aa00000, 0x000000074aa00000|100%| O|  |TAMS 0x000000074aa00000, 0x000000074a800000| Untracked 
|  85|0x000000074aa00000, 0x000000074aa00000, 0x000000074ac00000|  0%| F|  |TAMS 0x000000074aa00000, 0x000000074aa00000| Untracked 
|  86|0x000000074ac00000, 0x000000074ac00000, 0x000000074ae00000|  0%| F|  |TAMS 0x000000074ac00000, 0x000000074ac00000| Untracked 
|  87|0x000000074ae00000, 0x000000074ae00000, 0x000000074b000000|  0%| F|  |TAMS 0x000000074ae00000, 0x000000074ae00000| Untracked 
|  88|0x000000074b000000, 0x000000074b200000, 0x000000074b200000|100%| O|  |TAMS 0x000000074b000000, 0x000000074b000000| Untracked 
|  89|0x000000074b200000, 0x000000074b400000, 0x000000074b400000|100%| O|  |TAMS 0x000000074b200000, 0x000000074b200000| Untracked 
|  90|0x000000074b400000, 0x000000074b600000, 0x000000074b600000|100%| O|  |TAMS 0x000000074b400000, 0x000000074b400000| Untracked 
|  91|0x000000074b600000, 0x000000074b800000, 0x000000074b800000|100%| O|  |TAMS 0x000000074b600000, 0x000000074b600000| Untracked 
|  92|0x000000074b800000, 0x000000074ba00000, 0x000000074ba00000|100%| O|  |TAMS 0x000000074b800000, 0x000000074b800000| Untracked 
|  93|0x000000074ba00000, 0x000000074bc00000, 0x000000074bc00000|100%| O|  |TAMS 0x000000074ba00000, 0x000000074ba00000| Untracked 
|  94|0x000000074bc00000, 0x000000074be00000, 0x000000074be00000|100%| O|  |TAMS 0x000000074bc00000, 0x000000074bc00000| Untracked 
|  95|0x000000074be00000, 0x000000074c000000, 0x000000074c000000|100%| O|  |TAMS 0x000000074be00000, 0x000000074be00000| Untracked 
|  96|0x000000074c000000, 0x000000074c200000, 0x000000074c200000|100%| O|  |TAMS 0x000000074c000000, 0x000000074c000000| Untracked 
|  97|0x000000074c200000, 0x000000074c400000, 0x000000074c400000|100%| O|  |TAMS 0x000000074c200000, 0x000000074c200000| Untracked 
|  98|0x000000074c400000, 0x000000074c600000, 0x000000074c600000|100%| O|  |TAMS 0x000000074c400000, 0x000000074c400000| Untracked 
|  99|0x000000074c600000, 0x000000074c800000, 0x000000074c800000|100%| O|  |TAMS 0x000000074c600000, 0x000000074c600000| Untracked 
| 100|0x000000074c800000, 0x000000074ca00000, 0x000000074ca00000|100%| O|  |TAMS 0x000000074c800000, 0x000000074c800000| Untracked 
| 101|0x000000074ca00000, 0x000000074cc00000, 0x000000074cc00000|100%| O|  |TAMS 0x000000074ca00000, 0x000000074ca00000| Untracked 
| 102|0x000000074cc00000, 0x000000074ce00000, 0x000000074ce00000|100%| O|  |TAMS 0x000000074cc00000, 0x000000074cc00000| Untracked 
| 103|0x000000074ce00000, 0x000000074d000000, 0x000000074d000000|100%| O|  |TAMS 0x000000074ce00000, 0x000000074ce00000| Untracked 
| 104|0x000000074d000000, 0x000000074d200000, 0x000000074d200000|100%| O|  |TAMS 0x000000074d000000, 0x000000074d000000| Untracked 
| 105|0x000000074d200000, 0x000000074d400000, 0x000000074d400000|100%| O|  |TAMS 0x000000074d200000, 0x000000074d200000| Untracked 
| 106|0x000000074d400000, 0x000000074d600000, 0x000000074d600000|100%| O|  |TAMS 0x000000074d400000, 0x000000074d400000| Untracked 
| 107|0x000000074d600000, 0x000000074d800000, 0x000000074d800000|100%| O|  |TAMS 0x000000074d600000, 0x000000074d600000| Untracked 
| 108|0x000000074d800000, 0x000000074da00000, 0x000000074da00000|100%| O|  |TAMS 0x000000074d800000, 0x000000074d800000| Untracked 
| 109|0x000000074da00000, 0x000000074dc00000, 0x000000074dc00000|100%| O|  |TAMS 0x000000074da00000, 0x000000074da00000| Untracked 
| 110|0x000000074dc00000, 0x000000074de00000, 0x000000074de00000|100%| O|  |TAMS 0x000000074dc00000, 0x000000074dc00000| Untracked 
| 111|0x000000074de00000, 0x000000074e000000, 0x000000074e000000|100%| O|  |TAMS 0x000000074de00000, 0x000000074de00000| Untracked 
| 112|0x000000074e000000, 0x000000074e200000, 0x000000074e200000|100%| O|  |TAMS 0x000000074e000000, 0x000000074e000000| Untracked 
| 113|0x000000074e200000, 0x000000074e200000, 0x000000074e400000|  0%| F|  |TAMS 0x000000074e200000, 0x000000074e200000| Untracked 
| 114|0x000000074e400000, 0x000000074e400000, 0x000000074e600000|  0%| F|  |TAMS 0x000000074e400000, 0x000000074e400000| Untracked 
| 115|0x000000074e600000, 0x000000074e600000, 0x000000074e800000|  0%| F|  |TAMS 0x000000074e600000, 0x000000074e600000| Untracked 
| 116|0x000000074e800000, 0x000000074e800000, 0x000000074ea00000|  0%| F|  |TAMS 0x000000074e800000, 0x000000074e800000| Untracked 
| 117|0x000000074ea00000, 0x000000074ea00000, 0x000000074ec00000|  0%| F|  |TAMS 0x000000074ea00000, 0x000000074ea00000| Untracked 
| 118|0x000000074ec00000, 0x000000074ec00000, 0x000000074ee00000|  0%| F|  |TAMS 0x000000074ec00000, 0x000000074ec00000| Untracked 
| 119|0x000000074ee00000, 0x000000074ee00000, 0x000000074f000000|  0%| F|  |TAMS 0x000000074ee00000, 0x000000074ee00000| Untracked 
| 120|0x000000074f000000, 0x000000074f000000, 0x000000074f200000|  0%| F|  |TAMS 0x000000074f000000, 0x000000074f000000| Untracked 
| 121|0x000000074f200000, 0x000000074f200000, 0x000000074f400000|  0%| F|  |TAMS 0x000000074f200000, 0x000000074f200000| Untracked 
| 122|0x000000074f400000, 0x000000074f400000, 0x000000074f600000|  0%| F|  |TAMS 0x000000074f400000, 0x000000074f400000| Untracked 
| 123|0x000000074f600000, 0x000000074f600000, 0x000000074f800000|  0%| F|  |TAMS 0x000000074f600000, 0x000000074f600000| Untracked 
| 124|0x000000074f800000, 0x000000074f800000, 0x000000074fa00000|  0%| F|  |TAMS 0x000000074f800000, 0x000000074f800000| Untracked 
| 125|0x000000074fa00000, 0x000000074fa00000, 0x000000074fc00000|  0%| F|  |TAMS 0x000000074fa00000, 0x000000074fa00000| Untracked 
| 126|0x000000074fc00000, 0x000000074fc00000, 0x000000074fe00000|  0%| F|  |TAMS 0x000000074fc00000, 0x000000074fc00000| Untracked 
| 127|0x000000074fe00000, 0x000000074fe00000, 0x0000000750000000|  0%| F|  |TAMS 0x000000074fe00000, 0x000000074fe00000| Untracked 
| 128|0x0000000750000000, 0x0000000750000000, 0x0000000750200000|  0%| F|  |TAMS 0x0000000750000000, 0x0000000750000000| Untracked 
| 129|0x0000000750200000, 0x0000000750200000, 0x0000000750400000|  0%| F|  |TAMS 0x0000000750200000, 0x0000000750200000| Untracked 
| 130|0x0000000750400000, 0x0000000750400000, 0x0000000750600000|  0%| F|  |TAMS 0x0000000750400000, 0x0000000750400000| Untracked 
| 131|0x0000000750600000, 0x0000000750600000, 0x0000000750800000|  0%| F|  |TAMS 0x0000000750600000, 0x0000000750600000| Untracked 
| 132|0x0000000750800000, 0x0000000750800000, 0x0000000750a00000|  0%| F|  |TAMS 0x0000000750800000, 0x0000000750800000| Untracked 
| 133|0x0000000750a00000, 0x0000000750a00000, 0x0000000750c00000|  0%| F|  |TAMS 0x0000000750a00000, 0x0000000750a00000| Untracked 
| 134|0x0000000750c00000, 0x0000000750c00000, 0x0000000750e00000|  0%| F|  |TAMS 0x0000000750c00000, 0x0000000750c00000| Untracked 
| 135|0x0000000750e00000, 0x0000000750e00000, 0x0000000751000000|  0%| F|  |TAMS 0x0000000750e00000, 0x0000000750e00000| Untracked 
| 136|0x0000000751000000, 0x0000000751000000, 0x0000000751200000|  0%| F|  |TAMS 0x0000000751000000, 0x0000000751000000| Untracked 
| 137|0x0000000751200000, 0x0000000751200000, 0x0000000751400000|  0%| F|  |TAMS 0x0000000751200000, 0x0000000751200000| Untracked 
| 138|0x0000000751400000, 0x0000000751400000, 0x0000000751600000|  0%| F|  |TAMS 0x0000000751400000, 0x0000000751400000| Untracked 
| 139|0x0000000751600000, 0x0000000751600000, 0x0000000751800000|  0%| F|  |TAMS 0x0000000751600000, 0x0000000751600000| Untracked 
| 140|0x0000000751800000, 0x0000000751800000, 0x0000000751a00000|  0%| F|  |TAMS 0x0000000751800000, 0x0000000751800000| Untracked 
| 141|0x0000000751a00000, 0x0000000751a00000, 0x0000000751c00000|  0%| F|  |TAMS 0x0000000751a00000, 0x0000000751a00000| Untracked 
| 142|0x0000000751c00000, 0x0000000751c00000, 0x0000000751e00000|  0%| F|  |TAMS 0x0000000751c00000, 0x0000000751c00000| Untracked 
| 143|0x0000000751e00000, 0x0000000751e00000, 0x0000000752000000|  0%| F|  |TAMS 0x0000000751e00000, 0x0000000751e00000| Untracked 
| 144|0x0000000752000000, 0x0000000752000000, 0x0000000752200000|  0%| F|  |TAMS 0x0000000752000000, 0x0000000752000000| Untracked 
| 145|0x0000000752200000, 0x0000000752200000, 0x0000000752400000|  0%| F|  |TAMS 0x0000000752200000, 0x0000000752200000| Untracked 
| 146|0x0000000752400000, 0x0000000752400000, 0x0000000752600000|  0%| F|  |TAMS 0x0000000752400000, 0x0000000752400000| Untracked 
| 147|0x0000000752600000, 0x0000000752600000, 0x0000000752800000|  0%| F|  |TAMS 0x0000000752600000, 0x0000000752600000| Untracked 
| 148|0x0000000752800000, 0x0000000752800000, 0x0000000752a00000|  0%| F|  |TAMS 0x0000000752800000, 0x0000000752800000| Untracked 
| 149|0x0000000752a00000, 0x0000000752a00000, 0x0000000752c00000|  0%| F|  |TAMS 0x0000000752a00000, 0x0000000752a00000| Untracked 
| 150|0x0000000752c00000, 0x0000000752c00000, 0x0000000752e00000|  0%| F|  |TAMS 0x0000000752c00000, 0x0000000752c00000| Untracked 
| 151|0x0000000752e00000, 0x0000000752e00000, 0x0000000753000000|  0%| F|  |TAMS 0x0000000752e00000, 0x0000000752e00000| Untracked 
| 152|0x0000000753000000, 0x0000000753000000, 0x0000000753200000|  0%| F|  |TAMS 0x0000000753000000, 0x0000000753000000| Untracked 
| 153|0x0000000753200000, 0x0000000753200000, 0x0000000753400000|  0%| F|  |TAMS 0x0000000753200000, 0x0000000753200000| Untracked 
| 154|0x0000000753400000, 0x0000000753400000, 0x0000000753600000|  0%| F|  |TAMS 0x0000000753400000, 0x0000000753400000| Untracked 
| 155|0x0000000753600000, 0x0000000753600000, 0x0000000753800000|  0%| F|  |TAMS 0x0000000753600000, 0x0000000753600000| Untracked 
| 156|0x0000000753800000, 0x0000000753800000, 0x0000000753a00000|  0%| F|  |TAMS 0x0000000753800000, 0x0000000753800000| Untracked 
| 157|0x0000000753a00000, 0x0000000753a00000, 0x0000000753c00000|  0%| F|  |TAMS 0x0000000753a00000, 0x0000000753a00000| Untracked 
| 158|0x0000000753c00000, 0x0000000753c00000, 0x0000000753e00000|  0%| F|  |TAMS 0x0000000753c00000, 0x0000000753c00000| Untracked 
| 159|0x0000000753e00000, 0x0000000753e00000, 0x0000000754000000|  0%| F|  |TAMS 0x0000000753e00000, 0x0000000753e00000| Untracked 
| 160|0x0000000754000000, 0x0000000754000000, 0x0000000754200000|  0%| F|  |TAMS 0x0000000754000000, 0x0000000754000000| Untracked 
| 161|0x0000000754200000, 0x0000000754200000, 0x0000000754400000|  0%| F|  |TAMS 0x0000000754200000, 0x0000000754200000| Untracked 
| 162|0x0000000754400000, 0x0000000754400000, 0x0000000754600000|  0%| F|  |TAMS 0x0000000754400000, 0x0000000754400000| Untracked 
| 163|0x0000000754600000, 0x0000000754600000, 0x0000000754800000|  0%| F|  |TAMS 0x0000000754600000, 0x0000000754600000| Untracked 
| 164|0x0000000754800000, 0x0000000754800000, 0x0000000754a00000|  0%| F|  |TAMS 0x0000000754800000, 0x0000000754800000| Untracked 
| 165|0x0000000754a00000, 0x0000000754a00000, 0x0000000754c00000|  0%| F|  |TAMS 0x0000000754a00000, 0x0000000754a00000| Untracked 
| 166|0x0000000754c00000, 0x0000000754c00000, 0x0000000754e00000|  0%| F|  |TAMS 0x0000000754c00000, 0x0000000754c00000| Untracked 
| 167|0x0000000754e00000, 0x0000000754e00000, 0x0000000755000000|  0%| F|  |TAMS 0x0000000754e00000, 0x0000000754e00000| Untracked 
| 168|0x0000000755000000, 0x0000000755000000, 0x0000000755200000|  0%| F|  |TAMS 0x0000000755000000, 0x0000000755000000| Untracked 
| 169|0x0000000755200000, 0x0000000755200000, 0x0000000755400000|  0%| F|  |TAMS 0x0000000755200000, 0x0000000755200000| Untracked 
| 170|0x0000000755400000, 0x0000000755400000, 0x0000000755600000|  0%| F|  |TAMS 0x0000000755400000, 0x0000000755400000| Untracked 
| 171|0x0000000755600000, 0x0000000755600000, 0x0000000755800000|  0%| F|  |TAMS 0x0000000755600000, 0x0000000755600000| Untracked 
| 172|0x0000000755800000, 0x0000000755800000, 0x0000000755a00000|  0%| F|  |TAMS 0x0000000755800000, 0x0000000755800000| Untracked 
| 173|0x0000000755a00000, 0x0000000755a00000, 0x0000000755c00000|  0%| F|  |TAMS 0x0000000755a00000, 0x0000000755a00000| Untracked 
| 174|0x0000000755c00000, 0x0000000755c00000, 0x0000000755e00000|  0%| F|  |TAMS 0x0000000755c00000, 0x0000000755c00000| Untracked 
| 175|0x0000000755e00000, 0x0000000755e00000, 0x0000000756000000|  0%| F|  |TAMS 0x0000000755e00000, 0x0000000755e00000| Untracked 
| 176|0x0000000756000000, 0x0000000756000000, 0x0000000756200000|  0%| F|  |TAMS 0x0000000756000000, 0x0000000756000000| Untracked 
| 177|0x0000000756200000, 0x0000000756200000, 0x0000000756400000|  0%| F|  |TAMS 0x0000000756200000, 0x0000000756200000| Untracked 
| 178|0x0000000756400000, 0x0000000756400000, 0x0000000756600000|  0%| F|  |TAMS 0x0000000756400000, 0x0000000756400000| Untracked 
| 179|0x0000000756600000, 0x0000000756600000, 0x0000000756800000|  0%| F|  |TAMS 0x0000000756600000, 0x0000000756600000| Untracked 
| 180|0x0000000756800000, 0x0000000756800000, 0x0000000756a00000|  0%| F|  |TAMS 0x0000000756800000, 0x0000000756800000| Untracked 
| 181|0x0000000756a00000, 0x0000000756a00000, 0x0000000756c00000|  0%| F|  |TAMS 0x0000000756a00000, 0x0000000756a00000| Untracked 
| 182|0x0000000756c00000, 0x0000000756c00000, 0x0000000756e00000|  0%| F|  |TAMS 0x0000000756c00000, 0x0000000756c00000| Untracked 
| 183|0x0000000756e00000, 0x0000000756e00000, 0x0000000757000000|  0%| F|  |TAMS 0x0000000756e00000, 0x0000000756e00000| Untracked 
| 184|0x0000000757000000, 0x0000000757000000, 0x0000000757200000|  0%| F|  |TAMS 0x0000000757000000, 0x0000000757000000| Untracked 
| 185|0x0000000757200000, 0x0000000757200000, 0x0000000757400000|  0%| F|  |TAMS 0x0000000757200000, 0x0000000757200000| Untracked 
| 186|0x0000000757400000, 0x0000000757400000, 0x0000000757600000|  0%| F|  |TAMS 0x0000000757400000, 0x0000000757400000| Untracked 
| 187|0x0000000757600000, 0x0000000757600000, 0x0000000757800000|  0%| F|  |TAMS 0x0000000757600000, 0x0000000757600000| Untracked 
| 188|0x0000000757800000, 0x0000000757800000, 0x0000000757a00000|  0%| F|  |TAMS 0x0000000757800000, 0x0000000757800000| Untracked 
| 189|0x0000000757a00000, 0x0000000757a00000, 0x0000000757c00000|  0%| F|  |TAMS 0x0000000757a00000, 0x0000000757a00000| Untracked 
| 190|0x0000000757c00000, 0x0000000757c00000, 0x0000000757e00000|  0%| F|  |TAMS 0x0000000757c00000, 0x0000000757c00000| Untracked 
| 191|0x0000000757e00000, 0x0000000757e00000, 0x0000000758000000|  0%| F|  |TAMS 0x0000000757e00000, 0x0000000757e00000| Untracked 
| 192|0x0000000758000000, 0x0000000758000000, 0x0000000758200000|  0%| F|  |TAMS 0x0000000758000000, 0x0000000758000000| Untracked 
| 193|0x0000000758200000, 0x0000000758200000, 0x0000000758400000|  0%| F|  |TAMS 0x0000000758200000, 0x0000000758200000| Untracked 
| 194|0x0000000758400000, 0x0000000758400000, 0x0000000758600000|  0%| F|  |TAMS 0x0000000758400000, 0x0000000758400000| Untracked 
| 195|0x0000000758600000, 0x0000000758600000, 0x0000000758800000|  0%| F|  |TAMS 0x0000000758600000, 0x0000000758600000| Untracked 
| 196|0x0000000758800000, 0x0000000758800000, 0x0000000758a00000|  0%| F|  |TAMS 0x0000000758800000, 0x0000000758800000| Untracked 
| 197|0x0000000758a00000, 0x0000000758a00000, 0x0000000758c00000|  0%| F|  |TAMS 0x0000000758a00000, 0x0000000758a00000| Untracked 
| 198|0x0000000758c00000, 0x0000000758c00000, 0x0000000758e00000|  0%| F|  |TAMS 0x0000000758c00000, 0x0000000758c00000| Untracked 
| 199|0x0000000758e00000, 0x0000000758e00000, 0x0000000759000000|  0%| F|  |TAMS 0x0000000758e00000, 0x0000000758e00000| Untracked 
| 200|0x0000000759000000, 0x0000000759000000, 0x0000000759200000|  0%| F|  |TAMS 0x0000000759000000, 0x0000000759000000| Untracked 
| 201|0x0000000759200000, 0x0000000759200000, 0x0000000759400000|  0%| F|  |TAMS 0x0000000759200000, 0x0000000759200000| Untracked 
| 202|0x0000000759400000, 0x0000000759400000, 0x0000000759600000|  0%| F|  |TAMS 0x0000000759400000, 0x0000000759400000| Untracked 
| 203|0x0000000759600000, 0x0000000759600000, 0x0000000759800000|  0%| F|  |TAMS 0x0000000759600000, 0x0000000759600000| Untracked 
| 204|0x0000000759800000, 0x0000000759800000, 0x0000000759a00000|  0%| F|  |TAMS 0x0000000759800000, 0x0000000759800000| Untracked 
| 205|0x0000000759a00000, 0x0000000759a00000, 0x0000000759c00000|  0%| F|  |TAMS 0x0000000759a00000, 0x0000000759a00000| Untracked 
| 206|0x0000000759c00000, 0x0000000759c00000, 0x0000000759e00000|  0%| F|  |TAMS 0x0000000759c00000, 0x0000000759c00000| Untracked 
| 207|0x0000000759e00000, 0x0000000759e00000, 0x000000075a000000|  0%| F|  |TAMS 0x0000000759e00000, 0x0000000759e00000| Untracked 
|1524|0x00000007fe800000, 0x00000007fe800000, 0x00000007fea00000|  0%| F|  |TAMS 0x00000007fe800000, 0x00000007fe800000| Untracked 
|1525|0x00000007fea00000, 0x00000007fec00000, 0x00000007fec00000|100%| S|CS|TAMS 0x00000007fea00000, 0x00000007fea00000| Complete 
|1526|0x00000007fec00000, 0x00000007fee00000, 0x00000007fee00000|100%| S|CS|TAMS 0x00000007fec00000, 0x00000007fec00000| Complete 
|1527|0x00000007fee00000, 0x00000007fee00000, 0x00000007ff000000|  0%| F|  |TAMS 0x00000007fee00000, 0x00000007fee00000| Untracked 
|1528|0x00000007ff000000, 0x00000007ff000000, 0x00000007ff200000|  0%| F|  |TAMS 0x00000007ff000000, 0x00000007ff000000| Untracked 
|1529|0x00000007ff200000, 0x00000007ff200000, 0x00000007ff400000|  0%| F|  |TAMS 0x00000007ff200000, 0x00000007ff200000| Untracked 
|1530|0x00000007ff400000, 0x00000007ff400000, 0x00000007ff600000|  0%| F|  |TAMS 0x00000007ff400000, 0x00000007ff400000| Untracked 
|1531|0x00000007ff600000, 0x00000007ff600000, 0x00000007ff800000|  0%| F|  |TAMS 0x00000007ff600000, 0x00000007ff600000| Untracked 
|1532|0x00000007ff800000, 0x00000007ff800000, 0x00000007ffa00000|  0%| F|  |TAMS 0x00000007ff800000, 0x00000007ff800000| Untracked 
|1533|0x00000007ffa00000, 0x00000007ffa00000, 0x00000007ffc00000|  0%| F|  |TAMS 0x00000007ffa00000, 0x00000007ffa00000| Untracked 
|1534|0x00000007ffc00000, 0x00000007ffc00000, 0x00000007ffe00000|  0%| F|  |TAMS 0x00000007ffc00000, 0x00000007ffc00000| Untracked 
|1535|0x00000007ffe00000, 0x00000007ffe00000, 0x0000000800000000|  0%| F|  |TAMS 0x00000007ffe00000, 0x00000007ffe00000| Untracked 

Card table byte_map: [0x00000262d8670000,0x00000262d8c70000] _byte_map_base: 0x00000262d4c70000

Marking Bits (Prev, Next): (CMBitMap*) 0x00000262bf9b22f0, (CMBitMap*) 0x00000262bf9b2330
 Prev Bits: [0x00000262d9270000, 0x00000262dc270000)
 Next Bits: [0x00000262dc270000, 0x00000262df270000)

Polling page: 0x00000262bd8f0000

Metaspace:

Usage:
  Non-class:     54.59 MB used.
      Class:      8.84 MB used.
       Both:     63.43 MB used.

Virtual space:
  Non-class space:       64.00 MB reserved,      55.00 MB ( 86%) committed,  1 nodes.
      Class space:        1.00 GB reserved,       9.19 MB ( <1%) committed,  1 nodes.
             Both:        1.06 GB reserved,      64.19 MB (  6%) committed. 

Chunk freelists:
   Non-Class:  8.23 MB
       Class:  6.67 MB
        Both:  14.90 MB

MaxMetaspaceSize: unlimited
CompressedClassSpaceSize: 1.00 GB
Initial GC threshold: 21.00 MB
Current GC threshold: 106.88 MB
CDS: on
MetaspaceReclaimPolicy: balanced
 - commit_granule_bytes: 65536.
 - commit_granule_words: 8192.
 - virtual_space_node_default_size: 8388608.
 - enlarge_chunks_in_place: 1.
 - new_chunks_are_fully_committed: 0.
 - uncommit_free_chunks: 1.
 - use_allocation_guard: 0.
 - handle_deallocations: 1.


Internal statistics:

num_allocs_failed_limit: 6.
num_arena_births: 762.
num_arena_deaths: 4.
num_vsnodes_births: 2.
num_vsnodes_deaths: 0.
num_space_committed: 1027.
num_space_uncommitted: 0.
num_chunks_returned_to_freelist: 12.
num_chunks_taken_from_freelist: 3216.
num_chunk_merges: 8.
num_chunk_splits: 2041.
num_chunks_enlarged: 1261.
num_inconsistent_stats: 0.

CodeHeap 'non-profiled nmethods': size=119168Kb used=5729Kb max_used=5729Kb free=113438Kb
 bounds [0x00000262d0390000, 0x00000262d0940000, 0x00000262d77f0000]
CodeHeap 'profiled nmethods': size=119104Kb used=14982Kb max_used=16337Kb free=104121Kb
 bounds [0x00000262c87f0000, 0x00000262c97f0000, 0x00000262cfc40000]
CodeHeap 'non-nmethods': size=7488Kb used=3516Kb max_used=4173Kb free=3971Kb
 bounds [0x00000262cfc40000, 0x00000262d0060000, 0x00000262d0390000]
 total_blobs=8795 nmethods=7879 adapters=826
 compilation: enabled
              stopped_count=0, restarted_count=0
 full_count=0

Compilation events (20 events):
Event: 22.015 Thread 0x00000263295afac0 nmethod 9343 0x00000262d04fc810 code [0x00000262d04fcac0, 0x00000262d04fe750]
Event: 22.015 Thread 0x00000263295afac0 9347       4       java.util.HashMap$ValueSpliterator::forEachRemaining (186 bytes)
Event: 22.027 Thread 0x00000263295afac0 nmethod 9347 0x00000262d07fbe90 code [0x00000262d07fc020, 0x00000262d07fc358]
Event: 22.027 Thread 0x00000263295afac0 9344       4       net.minecraftforge.srgutils.MappingFile$1::rename (56 bytes)
Event: 22.126 Thread 0x00000263282884a0 nmethod 9297 0x00000262d073fa90 code [0x00000262d073ffe0, 0x00000262d0745b78]
Event: 22.127 Thread 0x00000263282884a0 9345       4       net.minecraftforge.srgutils.MappingFile$Cls::remapMethod (44 bytes)
Event: 22.130 Thread 0x00000263295afac0 nmethod 9344 0x00000262d073d810 code [0x00000262d073da60, 0x00000262d073eee0]
Event: 22.130 Thread 0x00000263295afac0 9348       4       net.minecraftforge.srgutils.MappingFile$$Lambda$1650/0x00000262e4957c98::accept (16 bytes)
Event: 22.147 Thread 0x0000026328280a70 nmethod 9296 0x00000262d05f6410 code [0x00000262d05f6960, 0x00000262d05fc498]
Event: 22.148 Thread 0x0000026328280a70 9349       4       net.minecraftforge.srgutils.MappingFile::lambda$null$21 (25 bytes)
Event: 22.188 Thread 0x00000263282884a0 nmethod 9345 0x00000262d0556190 code [0x00000262d0556380, 0x00000262d0556f08]
Event: 22.188 Thread 0x00000263282884a0 9350       4       net.minecraftforge.srgutils.MappingFile$1::rename (50 bytes)
Event: 22.197 Thread 0x0000026328287f50 nmethod 9340 0x00000262d07c8e90 code [0x00000262d07c9280, 0x00000262d07cce80]
Event: 22.215 Thread 0x00000263295afac0 nmethod 9348 0x00000262d05f4210 code [0x00000262d05f4460, 0x00000262d05f5760]
Event: 22.236 Thread 0x0000026328283f90 nmethod 9294 0x00000262d0918c10 code [0x00000262d0919200, 0x00000262d0920638]
Event: 22.237 Thread 0x0000026328280a70 nmethod 9349 0x00000262d04fa610 code [0x00000262d04fa860, 0x00000262d04fbae0]
Event: 22.249 Thread 0x00000263282864c0 nmethod 9339 0x00000262d07c2810 code [0x00000262d07c2c20, 0x00000262d07c6d10]
Event: 22.254 Thread 0x00000262e2248df0 nmethod 9341 0x00000262d0923a10 code [0x00000262d0923e00, 0x00000262d0927e10]
Event: 22.258 Thread 0x00000263295b0010 nmethod 9342 0x00000262d0929e90 code [0x00000262d092a280, 0x00000262d092e6f8]
Event: 22.280 Thread 0x00000263282884a0 nmethod 9350 0x00000262d04f8890 code [0x00000262d04f8ac0, 0x00000262d04f9b10]

GC Heap History (20 events):
Event: 20.250 GC heap after
{Heap after GC invocations=36 (full 0):
 garbage-first heap   total 145408K, used 63911K [0x0000000740000000, 0x0000000800000000)
  region size 2048K, 1 young (2048K), 1 survivors (2048K)
 Metaspace       used 64647K, committed 65408K, reserved 1114112K
  class space    used 9025K, committed 9408K, reserved 1048576K
}
Event: 20.557 GC heap before
{Heap before GC invocations=37 (full 0):
 garbage-first heap   total 157696K, used 145831K [0x0000000740000000, 0x0000000800000000)
  region size 2048K, 25 young (51200K), 1 survivors (2048K)
 Metaspace       used 64771K, committed 65536K, reserved 1114112K
  class space    used 9035K, committed 9408K, reserved 1048576K
}
Event: 20.578 GC heap after
{Heap after GC invocations=38 (full 0):
 garbage-first heap   total 184320K, used 95599K [0x0000000740000000, 0x0000000800000000)
  region size 2048K, 4 young (8192K), 4 survivors (8192K)
 Metaspace       used 64771K, committed 65536K, reserved 1114112K
  class space    used 9035K, committed 9408K, reserved 1048576K
}
Event: 20.660 GC heap before
{Heap before GC invocations=38 (full 0):
 garbage-first heap   total 184320K, used 132463K [0x0000000740000000, 0x0000000800000000)
  region size 2048K, 22 young (45056K), 4 survivors (8192K)
 Metaspace       used 64777K, committed 65536K, reserved 1114112K
  class space    used 9035K, committed 9408K, reserved 1048576K
}
Event: 20.680 GC heap after
{Heap after GC invocations=39 (full 0):
 garbage-first heap   total 184320K, used 120282K [0x0000000740000000, 0x0000000800000000)
  region size 2048K, 3 young (6144K), 3 survivors (6144K)
 Metaspace       used 64777K, committed 65536K, reserved 1114112K
  class space    used 9035K, committed 9408K, reserved 1048576K
}
Event: 20.734 GC heap before
{Heap before GC invocations=39 (full 0):
 garbage-first heap   total 184320K, used 140762K [0x0000000740000000, 0x0000000800000000)
  region size 2048K, 13 young (26624K), 3 survivors (6144K)
 Metaspace       used 64777K, committed 65536K, reserved 1114112K
  class space    used 9035K, committed 9408K, reserved 1048576K
}
Event: 20.747 GC heap after
{Heap after GC invocations=40 (full 0):
 garbage-first heap   total 184320K, used 135138K [0x0000000740000000, 0x0000000800000000)
  region size 2048K, 2 young (4096K), 2 survivors (4096K)
 Metaspace       used 64777K, committed 65536K, reserved 1114112K
  class space    used 9035K, committed 9408K, reserved 1048576K
}
Event: 20.775 GC heap before
{Heap before GC invocations=40 (full 0):
 garbage-first heap   total 184320K, used 147426K [0x0000000740000000, 0x0000000800000000)
  region size 2048K, 8 young (16384K), 2 survivors (4096K)
 Metaspace       used 64777K, committed 65536K, reserved 1114112K
  class space    used 9035K, committed 9408K, reserved 1048576K
}
Event: 20.787 GC heap after
{Heap after GC invocations=41 (full 0):
 garbage-first heap   total 413696K, used 144121K [0x0000000740000000, 0x0000000800000000)
  region size 2048K, 1 young (2048K), 1 survivors (2048K)
 Metaspace       used 64777K, committed 65536K, reserved 1114112K
  class space    used 9035K, committed 9408K, reserved 1048576K
}
Event: 21.391 GC heap before
{Heap before GC invocations=42 (full 0):
 garbage-first heap   total 413696K, used 254713K [0x0000000740000000, 0x0000000800000000)
  region size 2048K, 55 young (112640K), 1 survivors (2048K)
 Metaspace       used 64923K, committed 65664K, reserved 1114112K
  class space    used 9050K, committed 9408K, reserved 1048576K
}
Event: 21.444 GC heap after
{Heap after GC invocations=43 (full 0):
 garbage-first heap   total 413696K, used 199181K [0x0000000740000000, 0x0000000800000000)
  region size 2048K, 7 young (14336K), 7 survivors (14336K)
 Metaspace       used 64923K, committed 65664K, reserved 1114112K
  class space    used 9050K, committed 9408K, reserved 1048576K
}
Event: 21.470 GC heap before
{Heap before GC invocations=43 (full 0):
 garbage-first heap   total 413696K, used 205325K [0x0000000740000000, 0x0000000800000000)
  region size 2048K, 10 young (20480K), 7 survivors (14336K)
 Metaspace       used 64923K, committed 65664K, reserved 1114112K
  class space    used 9050K, committed 9408K, reserved 1048576K
}
Event: 21.507 GC heap after
{Heap after GC invocations=44 (full 0):
 garbage-first heap   total 413696K, used 205015K [0x0000000740000000, 0x0000000800000000)
  region size 2048K, 2 young (4096K), 2 survivors (4096K)
 Metaspace       used 64923K, committed 65664K, reserved 1114112K
  class space    used 9050K, committed 9408K, reserved 1048576K
}
Event: 21.757 GC heap before
{Heap before GC invocations=44 (full 0):
 garbage-first heap   total 413696K, used 280791K [0x0000000740000000, 0x0000000800000000)
  region size 2048K, 39 young (79872K), 2 survivors (4096K)
 Metaspace       used 64953K, committed 65728K, reserved 1114112K
  class space    used 9053K, committed 9408K, reserved 1048576K
}
Event: 21.775 GC heap after
{Heap after GC invocations=45 (full 0):
 garbage-first heap   total 413696K, used 227152K [0x0000000740000000, 0x0000000800000000)
  region size 2048K, 5 young (10240K), 5 survivors (10240K)
 Metaspace       used 64953K, committed 65728K, reserved 1114112K
  class space    used 9053K, committed 9408K, reserved 1048576K
}
Event: 22.259 GC heap before
{Heap before GC invocations=46 (full 0):
 garbage-first heap   total 450560K, used 294736K [0x0000000740000000, 0x0000000800000000)
  region size 2048K, 39 young (79872K), 5 survivors (10240K)
 Metaspace       used 64953K, committed 65728K, reserved 1114112K
  class space    used 9053K, committed 9408K, reserved 1048576K
}
Event: 22.276 GC heap after
{Heap after GC invocations=47 (full 0):
 garbage-first heap   total 450560K, used 237568K [0x0000000740000000, 0x0000000800000000)
  region size 2048K, 5 young (10240K), 5 survivors (10240K)
 Metaspace       used 64953K, committed 65728K, reserved 1114112K
  class space    used 9053K, committed 9408K, reserved 1048576K
}
Event: 22.313 GC heap before
{Heap before GC invocations=47 (full 0):
 garbage-first heap   total 450560K, used 249856K [0x0000000740000000, 0x0000000800000000)
  region size 2048K, 11 young (22528K), 5 survivors (10240K)
 Metaspace       used 64953K, committed 65728K, reserved 1114112K
  class space    used 9053K, committed 9408K, reserved 1048576K
}
Event: 22.335 GC heap after
{Heap after GC invocations=48 (full 0):
 garbage-first heap   total 450560K, used 209472K [0x0000000740000000, 0x0000000800000000)
  region size 2048K, 2 young (4096K), 2 survivors (4096K)
 Metaspace       used 64953K, committed 65728K, reserved 1114112K
  class space    used 9053K, committed 9408K, reserved 1048576K
}
Event: 22.378 GC heap before
{Heap before GC invocations=48 (full 0):
 garbage-first heap   total 450560K, used 227904K [0x0000000740000000, 0x0000000800000000)
  region size 2048K, 11 young (22528K), 2 survivors (4096K)
 Metaspace       used 64953K, committed 65728K, reserved 1114112K
  class space    used 9053K, committed 9408K, reserved 1048576K
}

Dll operation events (14 events):
Event: 0.021 Loaded shared library C:\Users\Lenovo\.jdks\liberica-17.0.8.1\bin\java.dll
Event: 0.057 Loaded shared library C:\Users\Lenovo\.jdks\liberica-17.0.8.1\bin\jsvml.dll
Event: 0.209 Loaded shared library C:\Users\Lenovo\.jdks\liberica-17.0.8.1\bin\zip.dll
Event: 0.220 Loaded shared library C:\Users\Lenovo\.jdks\liberica-17.0.8.1\bin\instrument.dll
Event: 0.233 Loaded shared library C:\Users\Lenovo\.jdks\liberica-17.0.8.1\bin\net.dll
Event: 0.238 Loaded shared library C:\Users\Lenovo\.jdks\liberica-17.0.8.1\bin\nio.dll
Event: 0.250 Loaded shared library C:\Users\Lenovo\.jdks\liberica-17.0.8.1\bin\zip.dll
Event: 0.851 Loaded shared library C:\Users\Lenovo\.jdks\liberica-17.0.8.1\bin\jimage.dll
Event: 1.082 Loaded shared library C:\Users\Lenovo\.jdks\liberica-17.0.8.1\bin\verify.dll
Event: 1.551 Loaded shared library C:\Users\Lenovo\.gradle\native\68d5fa5c4cc2d200863cafc0d521ce42e7d3e7ee720ec0a83991735586a16f82\windows-amd64\native-platform.dll
Event: 1.565 Loaded shared library C:\Users\Lenovo\.gradle\native\e376f236ea51e6404a007f0833ffe2c6e607c4080706a723a18a27aeea778392\windows-amd64\native-platform-file-events.dll
Event: 3.736 Loaded shared library C:\Users\Lenovo\.jdks\liberica-17.0.8.1\bin\management.dll
Event: 3.743 Loaded shared library C:\Users\Lenovo\.jdks\liberica-17.0.8.1\bin\management_ext.dll
Event: 4.783 Loaded shared library C:\Users\Lenovo\.jdks\liberica-17.0.8.1\bin\sunmscapi.dll

Deoptimization events (20 events):
Event: 21.920 Thread 0x000002632d1ccbb0 DEOPT PACKING pc=0x00000262c9229293 sp=0x000000ebc0bfa660
Event: 21.920 Thread 0x000002632d1ccbb0 DEOPT UNPACKING pc=0x00000262cfc97143 sp=0x000000ebc0bf9af8 mode 0
Event: 21.933 Thread 0x000002632d1ccbb0 DEOPT PACKING pc=0x00000262c9229293 sp=0x000000ebc0bfa660
Event: 21.933 Thread 0x000002632d1ccbb0 DEOPT UNPACKING pc=0x00000262cfc97143 sp=0x000000ebc0bf9af8 mode 0
Event: 21.942 Thread 0x000002632d1ccbb0 DEOPT PACKING pc=0x00000262c9229293 sp=0x000000ebc0bfa660
Event: 21.942 Thread 0x000002632d1ccbb0 DEOPT UNPACKING pc=0x00000262cfc97143 sp=0x000000ebc0bf9af8 mode 0
Event: 21.953 Thread 0x000002632d1ccbb0 DEOPT PACKING pc=0x00000262c9229293 sp=0x000000ebc0bfa870
Event: 21.953 Thread 0x000002632d1ccbb0 DEOPT UNPACKING pc=0x00000262cfc97143 sp=0x000000ebc0bf9d08 mode 0
Event: 21.964 Thread 0x000002632d1ccbb0 DEOPT PACKING pc=0x00000262c9229272 sp=0x000000ebc0bfa870
Event: 21.964 Thread 0x000002632d1ccbb0 DEOPT UNPACKING pc=0x00000262cfc97143 sp=0x000000ebc0bf9d10 mode 0
Event: 21.975 Thread 0x000002632d1ccbb0 DEOPT PACKING pc=0x00000262c9229293 sp=0x000000ebc0bfa660
Event: 21.975 Thread 0x000002632d1ccbb0 DEOPT UNPACKING pc=0x00000262cfc97143 sp=0x000000ebc0bf9af8 mode 0
Event: 21.983 Thread 0x000002632d1ccbb0 DEOPT PACKING pc=0x00000262c9229293 sp=0x000000ebc0bfa660
Event: 21.984 Thread 0x000002632d1ccbb0 DEOPT UNPACKING pc=0x00000262cfc97143 sp=0x000000ebc0bf9af8 mode 0
Event: 21.999 Thread 0x000002632d1ccbb0 DEOPT PACKING pc=0x00000262c9229293 sp=0x000000ebc0bfa660
Event: 21.999 Thread 0x000002632d1ccbb0 DEOPT UNPACKING pc=0x00000262cfc97143 sp=0x000000ebc0bf9af8 mode 0
Event: 22.012 Thread 0x000002632d1ccbb0 DEOPT PACKING pc=0x00000262c9229293 sp=0x000000ebc0bfa870
Event: 22.012 Thread 0x000002632d1ccbb0 DEOPT UNPACKING pc=0x00000262cfc97143 sp=0x000000ebc0bf9d08 mode 0
Event: 22.024 Thread 0x000002632d1ccbb0 DEOPT PACKING pc=0x00000262c9229293 sp=0x000000ebc0bfa710
Event: 22.024 Thread 0x000002632d1ccbb0 DEOPT UNPACKING pc=0x00000262cfc97143 sp=0x000000ebc0bf9ba8 mode 0

Classes unloaded (2 events):
Event: 20.827 Thread 0x00000262e2221eb0 Unloading class 0x00000262e4868400 'java/lang/invoke/LambdaForm$DMH+0x00000262e4868400'
Event: 20.827 Thread 0x00000262e2221eb0 Unloading class 0x00000262e4868000 'java/lang/invoke/LambdaForm$DMH+0x00000262e4868000'

Classes redefined (0 events):
No events

Internal exceptions (20 events):
Event: 19.871 Thread 0x00000263291503e0 Exception <a 'java/lang/ClassNotFoundException'{0x0000000745aa8400}: net/minecraftforge/gradle/common/util/runs/MinecraftPrepareRunTaskCustomizer> (0x0000000745aa8400) 
thrown [s\src\hotspot\share\classfile\systemDictionary.cpp, line 256]
Event: 19.874 Thread 0x00000263291503e0 Exception <a 'java/lang/ClassNotFoundException'{0x0000000745abff98}: net/minecraftforge/gradle/common/util/runs/MinecraftPrepareRunTask_DecoratedCustomizer> (0x0000000745abff98) 
thrown [s\src\hotspot\share\classfile\systemDictionary.cpp, line 256]
Event: 19.883 Thread 0x00000263291503e0 Exception <a 'java/lang/ClassNotFoundException'{0x0000000745bb0400}: net/minecraftforge/gradle/common/util/runs/MinecraftRunTask_DecoratedBeanInfo> (0x0000000745bb0400) 
thrown [s\src\hotspot\share\classfile\systemDictionary.cpp, line 256]
Event: 19.884 Thread 0x00000263291503e0 Exception <a 'java/lang/ClassNotFoundException'{0x0000000745bbb608}: net/minecraftforge/gradle/common/util/runs/MinecraftRunTaskBeanInfo> (0x0000000745bbb608) 
thrown [s\src\hotspot\share\classfile\systemDictionary.cpp, line 256]
Event: 19.885 Thread 0x00000263291503e0 Exception <a 'java/lang/ClassNotFoundException'{0x0000000745bc7ad8}: org/gradle/api/tasks/JavaExecBeanInfo> (0x0000000745bc7ad8) 
thrown [s\src\hotspot\share\classfile\systemDictionary.cpp, line 256]
Event: 19.887 Thread 0x00000263291503e0 Exception <a 'java/lang/ClassNotFoundException'{0x0000000745bd4040}: org/gradle/api/tasks/JavaExecCustomizer> (0x0000000745bd4040) 
thrown [s\src\hotspot\share\classfile\systemDictionary.cpp, line 256]
Event: 19.890 Thread 0x00000263291503e0 Exception <a 'java/lang/ClassNotFoundException'{0x0000000745834ef0}: net/minecraftforge/gradle/common/util/runs/MinecraftRunTaskCustomizer> (0x0000000745834ef0) 
thrown [s\src\hotspot\share\classfile\systemDictionary.cpp, line 256]
Event: 19.894 Thread 0x00000263291503e0 Exception <a 'java/lang/ClassNotFoundException'{0x00000007458696b0}: net/minecraftforge/gradle/common/util/runs/MinecraftRunTask_DecoratedCustomizer> (0x00000007458696b0) 
thrown [s\src\hotspot\share\classfile\systemDictionary.cpp, line 256]
Event: 19.973 Thread 0x000002632d1d17a0 Exception <a 'java/lang/NoSuchMethodError'{0x000000074548fb78}: 'void java.lang.invoke.DirectMethodHandle$Holder.invokeInterface(java.lang.Object, java.lang.Object, java.lang.Object, java.lang.Object)'> (0x000000074548fb78) 
thrown [s\src\hotspot\share\interpreter\linkResolver.cpp, line 759]
Event: 20.023 Thread 0x00000262e2c95ea0 Exception <a 'java/lang/NoSuchMethodError'{0x00000007452195f0}: static Lorg/gradle/internal/build/event/types/DefaultTaskStartedProgressEvent;.<clinit>()V> (0x00000007452195f0) 
thrown [s\src\hotspot\share\prims\jni.cpp, line 1107]
Event: 20.024 Thread 0x00000262e2c95ea0 Exception <a 'java/lang/NoSuchMethodError'{0x0000000745251480}: static Lorg/gradle/internal/build/event/types/DefaultTaskDescriptor;.<clinit>()V> (0x0000000745251480) 
thrown [s\src\hotspot\share\prims\jni.cpp, line 1107]
Event: 20.027 Thread 0x00000262e2c95ea0 Exception <a 'java/lang/NoSuchMethodError'{0x0000000745270560}: static Lorg/gradle/internal/build/event/types/DefaultBinaryPluginIdentifier;.<clinit>()V> (0x0000000745270560) 
thrown [s\src\hotspot\share\prims\jni.cpp, line 1107]
Event: 20.031 Thread 0x000002632d1d17a0 Exception <a 'java/lang/IncompatibleClassChangeError'{0x0000000745291170}: Found class java.lang.Object, but interface was expected> (0x0000000745291170) 
thrown [s\src\hotspot\share\interpreter\linkResolver.cpp, line 826]
Event: 20.098 Thread 0x000002632d1d17a0 Exception <a 'java/lang/IncompatibleClassChangeError'{0x000000074dc2a5a0}: Found class java.lang.Object, but interface was expected> (0x000000074dc2a5a0) 
thrown [s\src\hotspot\share\interpreter\linkResolver.cpp, line 826]
Event: 20.176 Thread 0x00000262e2c95ea0 Exception <a 'java/lang/NoSuchMethodError'{0x0000000748b48ab0}: static Lorg/gradle/internal/build/event/types/DefaultTaskFinishedProgressEvent;.<clinit>()V> (0x0000000748b48ab0) 
thrown [s\src\hotspot\share\prims\jni.cpp, line 1107]
Event: 20.178 Thread 0x00000262e2c95ea0 Exception <a 'java/lang/NoSuchMethodError'{0x0000000748b72500}: static Lorg/gradle/internal/build/event/types/DefaultTaskSuccessResult;.<clinit>()V> (0x0000000748b72500) 
thrown [s\src\hotspot\share\prims\jni.cpp, line 1107]
Event: 20.179 Thread 0x00000262e2c95ea0 Exception <a 'java/lang/NoSuchMethodError'{0x0000000748b73878}: static Lorg/gradle/internal/build/event/types/AbstractTaskResult;.<clinit>()V> (0x0000000748b73878) 
thrown [s\src\hotspot\share\prims\jni.cpp, line 1107]
Event: 20.182 Thread 0x00000262e2c95ea0 Exception <a 'java/lang/NoSuchMethodError'{0x0000000748ba3e80}: static [Ljava/lang/Object;.<clinit>()V> (0x0000000748ba3e80) 
thrown [s\src\hotspot\share\prims\jni.cpp, line 1107]
Event: 20.214 Thread 0x000002632d1d17a0 Exception <a 'java/lang/NoSuchMethodError'{0x00000007488e18a0}: 'int java.lang.invoke.DirectMethodHandle$Holder.invokeStaticInit(java.lang.Object, java.lang.Object, java.lang.Object, java.lang.Object, java.lang.Object)'> (0x00000007488e18a0) 
thrown [s\src\hotspot\share\interpreter\linkResolver.cpp, line 759]
Event: 20.823 Thread 0x000002632d1ccbb0 Exception <a 'java/lang/NoSuchMethodError'{0x0000000757348a88}: 'void java.lang.invoke.DirectMethodHandle$Holder.invokeStatic(java.lang.Object, java.lang.Object, int, int, java.lang.Object)'> (0x0000000757348a88) 
thrown [s\src\hotspot\share\interpreter\linkResolver.cpp, line 759]

VM Operations (20 events):
Event: 20.787 Executing VM operation: G1CollectForAllocation done
Event: 20.826 Executing VM operation: G1PauseRemark
Event: 20.839 Executing VM operation: G1PauseRemark done
Event: 20.935 Executing VM operation: G1PauseCleanup
Event: 20.935 Executing VM operation: G1PauseCleanup done
Event: 21.390 Executing VM operation: G1CollectForAllocation
Event: 21.444 Executing VM operation: G1CollectForAllocation done
Event: 21.470 Executing VM operation: G1CollectForAllocation
Event: 21.507 Executing VM operation: G1CollectForAllocation done
Event: 21.757 Executing VM operation: G1CollectForAllocation
Event: 21.775 Executing VM operation: G1CollectForAllocation done
Event: 22.044 Executing VM operation: G1PauseRemark
Event: 22.053 Executing VM operation: G1PauseRemark done
Event: 22.209 Executing VM operation: G1PauseCleanup
Event: 22.210 Executing VM operation: G1PauseCleanup done
Event: 22.259 Executing VM operation: G1CollectForAllocation
Event: 22.276 Executing VM operation: G1CollectForAllocation done
Event: 22.313 Executing VM operation: G1CollectForAllocation
Event: 22.335 Executing VM operation: G1CollectForAllocation done
Event: 22.378 Executing VM operation: G1CollectForAllocation

Events (20 events):
Event: 19.961 Thread 0x00000262e23624c0 flushing nmethod 0x00000262c9657e90
Event: 19.961 Thread 0x00000262e23624c0 flushing nmethod 0x00000262c9754e90
Event: 19.961 Thread 0x00000262e23624c0 flushing nmethod 0x00000262c975b610
Event: 19.962 Thread 0x00000262e23624c0 flushing nmethod 0x00000262c9793090
Event: 19.962 Thread 0x00000262e23624c0 flushing nmethod 0x00000262c97b8b90
Event: 19.979 Thread 0x000002632ec3fd00 Thread added: 0x000002632ec3fd00
Event: 20.025 loading class java/io/SerialCallbackContext
Event: 20.026 loading class java/io/SerialCallbackContext done
Event: 20.182 loading class java/io/ObjectStreamClass$ExceptionInfo
Event: 20.182 loading class java/io/ObjectStreamClass$ExceptionInfo done
Event: 20.359 Thread 0x00000263282874b0 Thread exited: 0x00000263282874b0
Event: 20.363 loading class java/io/BufferedReader$1
Event: 20.363 loading class java/io/BufferedReader$1 done
Event: 20.407 loading class jdk/internal/access/foreign/MemorySegmentProxy
Event: 20.407 loading class jdk/internal/access/foreign/MemorySegmentProxy done
Event: 20.916 Thread 0x0000026328287f50 Thread added: 0x0000026328287f50
Event: 20.916 Thread 0x00000263282864c0 Thread added: 0x00000263282864c0
Event: 20.916 Thread 0x0000026328280a70 Thread added: 0x0000026328280a70
Event: 20.916 Thread 0x0000026328283f90 Thread added: 0x0000026328283f90
Event: 21.676 Thread 0x0000026328285f70 Thread exited: 0x0000026328285f70


Dynamic libraries:
0x00007ff7cbb00000 - 0x00007ff7cbb0e000 	C:\Users\Lenovo\.jdks\liberica-17.0.8.1\bin\java.exe
0x00007ff8c3af0000 - 0x00007ff8c3ce8000 	C:\Windows\SYSTEM32\ntdll.dll
0x00007ff8c2400000 - 0x00007ff8c24bd000 	C:\Windows\System32\KERNEL32.DLL
0x00007ff8c1780000 - 0x00007ff8c1a76000 	C:\Windows\System32\KERNELBASE.dll
0x00007ff8c14e0000 - 0x00007ff8c15e0000 	C:\Windows\System32\ucrtbase.dll
0x00007ff8afb40000 - 0x00007ff8afb57000 	C:\Users\Lenovo\.jdks\liberica-17.0.8.1\bin\jli.dll
0x00007ff8af330000 - 0x00007ff8af34b000 	C:\Users\Lenovo\.jdks\liberica-17.0.8.1\bin\VCRUNTIME140.dll
0x00007ff8c3220000 - 0x00007ff8c33be000 	C:\Windows\System32\USER32.dll
0x00007ff8c1af0000 - 0x00007ff8c1b12000 	C:\Windows\System32\win32u.dll
0x00007ff8af430000 - 0x00007ff8af6ca000 	C:\Windows\WinSxS\amd64_microsoft.windows.common-controls_6595b64144ccf1df_6.0.19041.3636_none_60b6a03d71f818d5\COMCTL32.dll
0x00007ff8c3690000 - 0x00007ff8c36bc000 	C:\Windows\System32\GDI32.dll
0x00007ff8c24c0000 - 0x00007ff8c255e000 	C:\Windows\System32\msvcrt.dll
0x00007ff8c11d0000 - 0x00007ff8c12ea000 	C:\Windows\System32\gdi32full.dll
0x00007ff8c1630000 - 0x00007ff8c16cd000 	C:\Windows\System32\msvcp_win.dll
0x00007ff8c36c0000 - 0x00007ff8c36f0000 	C:\Windows\System32\IMM32.DLL
0x00007ff8b64c0000 - 0x00007ff8b64cc000 	C:\Users\Lenovo\.jdks\liberica-17.0.8.1\bin\vcruntime140_1.dll
0x00007ff8a22c0000 - 0x00007ff8a234e000 	C:\Users\Lenovo\.jdks\liberica-17.0.8.1\bin\msvcp140.dll
0x00007ff877dc0000 - 0x00007ff878a27000 	C:\Users\Lenovo\.jdks\liberica-17.0.8.1\bin\server\jvm.dll
0x00007ff8c3550000 - 0x00007ff8c35ff000 	C:\Windows\System32\ADVAPI32.dll
0x00007ff8c3830000 - 0x00007ff8c38cc000 	C:\Windows\System32\sechost.dll
0x00007ff8c33c0000 - 0x00007ff8c34e6000 	C:\Windows\System32\RPCRT4.dll
0x00007ff8c1030000 - 0x00007ff8c107b000 	C:\Windows\SYSTEM32\POWRPROF.dll
0x00007ff8b8ee0000 - 0x00007ff8b8f07000 	C:\Windows\SYSTEM32\WINMM.dll
0x00007ff8be370000 - 0x00007ff8be379000 	C:\Windows\SYSTEM32\WSOCK32.dll
0x00007ff8c36f0000 - 0x00007ff8c375b000 	C:\Windows\System32\WS2_32.dll
0x00007ff8b9180000 - 0x00007ff8b918a000 	C:\Windows\SYSTEM32\VERSION.dll
0x00007ff8c1010000 - 0x00007ff8c1022000 	C:\Windows\SYSTEM32\UMPDC.dll
0x00007ff8bfa20000 - 0x00007ff8bfa32000 	C:\Windows\SYSTEM32\kernel.appcore.dll
0x00007ff8afea0000 - 0x00007ff8afeaa000 	C:\Users\Lenovo\.jdks\liberica-17.0.8.1\bin\jimage.dll
0x00007ff8bece0000 - 0x00007ff8beec4000 	C:\Windows\SYSTEM32\DBGHELP.DLL
0x00007ff8abd30000 - 0x00007ff8abd64000 	C:\Windows\SYSTEM32\dbgcore.DLL
0x00007ff8c12f0000 - 0x00007ff8c1372000 	C:\Windows\System32\bcryptPrimitives.dll
0x00007ff8bc5f0000 - 0x00007ff8bc5fe000 	C:\Users\Lenovo\.jdks\liberica-17.0.8.1\bin\instrument.dll
0x00007ff8ae3e0000 - 0x00007ff8ae405000 	C:\Users\Lenovo\.jdks\liberica-17.0.8.1\bin\java.dll
0x00007ff89d9c0000 - 0x00007ff89da97000 	C:\Users\Lenovo\.jdks\liberica-17.0.8.1\bin\jsvml.dll
0x00007ff8c2920000 - 0x00007ff8c3065000 	C:\Windows\System32\SHELL32.dll
0x00007ff8bf270000 - 0x00007ff8bfa0b000 	C:\Windows\SYSTEM32\windows.storage.dll
0x00007ff8c25c0000 - 0x00007ff8c2914000 	C:\Windows\System32\combase.dll
0x00007ff8c0b40000 - 0x00007ff8c0b6d000 	C:\Windows\SYSTEM32\Wldp.dll
0x00007ff8c38d0000 - 0x00007ff8c397d000 	C:\Windows\System32\SHCORE.dll
0x00007ff8c37d0000 - 0x00007ff8c3825000 	C:\Windows\System32\shlwapi.dll
0x00007ff8c1100000 - 0x00007ff8c1125000 	C:\Windows\SYSTEM32\profapi.dll
0x00007ff8ad890000 - 0x00007ff8ad8a8000 	C:\Users\Lenovo\.jdks\liberica-17.0.8.1\bin\zip.dll
0x00007ff8af2e0000 - 0x00007ff8af2f9000 	C:\Users\Lenovo\.jdks\liberica-17.0.8.1\bin\net.dll
0x00007ff8b7c90000 - 0x00007ff8b7d9a000 	C:\Windows\SYSTEM32\WINHTTP.dll
0x00007ff8c08a0000 - 0x00007ff8c090a000 	C:\Windows\system32\mswsock.dll
0x00007ff8ad8b0000 - 0x00007ff8ad8c6000 	C:\Users\Lenovo\.jdks\liberica-17.0.8.1\bin\nio.dll
0x00007ff8afcb0000 - 0x00007ff8afcc0000 	C:\Users\Lenovo\.jdks\liberica-17.0.8.1\bin\verify.dll
0x00007ff8af7c0000 - 0x00007ff8af7e7000 	C:\Users\Lenovo\.gradle\native\68d5fa5c4cc2d200863cafc0d521ce42e7d3e7ee720ec0a83991735586a16f82\windows-amd64\native-platform.dll
0x00007ff8921c0000 - 0x00007ff892304000 	C:\Users\Lenovo\.gradle\native\e376f236ea51e6404a007f0833ffe2c6e607c4080706a723a18a27aeea778392\windows-amd64\native-platform-file-events.dll
0x00007ff8b72a0000 - 0x00007ff8b72aa000 	C:\Users\Lenovo\.jdks\liberica-17.0.8.1\bin\management.dll
0x00007ff8afc70000 - 0x00007ff8afc7b000 	C:\Users\Lenovo\.jdks\liberica-17.0.8.1\bin\management_ext.dll
0x00007ff8c37c0000 - 0x00007ff8c37c8000 	C:\Windows\System32\PSAPI.DLL
0x00007ff8c0a90000 - 0x00007ff8c0aa8000 	C:\Windows\SYSTEM32\CRYPTSP.dll
0x00007ff8c01d0000 - 0x00007ff8c0204000 	C:\Windows\system32\rsaenh.dll
0x00007ff8c1b20000 - 0x00007ff8c1b47000 	C:\Windows\System32\bcrypt.dll
0x00007ff8c10c0000 - 0x00007ff8c10ee000 	C:\Windows\SYSTEM32\USERENV.dll
0x00007ff8c0ab0000 - 0x00007ff8c0abc000 	C:\Windows\SYSTEM32\CRYPTBASE.dll
0x00007ff8c0590000 - 0x00007ff8c05cb000 	C:\Windows\SYSTEM32\IPHLPAPI.DLL
0x00007ff8c3600000 - 0x00007ff8c3608000 	C:\Windows\System32\NSI.dll
0x00007ff8ba560000 - 0x00007ff8ba577000 	C:\Windows\SYSTEM32\dhcpcsvc6.DLL
0x00007ff8b9b70000 - 0x00007ff8b9b8d000 	C:\Windows\SYSTEM32\dhcpcsvc.DLL
0x00007ff8c05d0000 - 0x00007ff8c069a000 	C:\Windows\SYSTEM32\DNSAPI.dll
0x00007ff8afc30000 - 0x00007ff8afc3e000 	C:\Users\Lenovo\.jdks\liberica-17.0.8.1\bin\sunmscapi.dll
0x00007ff8c1380000 - 0x00007ff8c14dd000 	C:\Windows\System32\CRYPT32.dll
0x00007ff8c0bb0000 - 0x00007ff8c0bd7000 	C:\Windows\SYSTEM32\ncrypt.dll
0x00007ff8c0b70000 - 0x00007ff8c0bab000 	C:\Windows\SYSTEM32\NTASN1.dll
0x00007ff8b7030000 - 0x00007ff8b7037000 	C:\Windows\system32\wshunix.dll
0x000000005e080000 - 0x000000005e0a6000 	C:\Program Files\Bonjour\mdnsNSP.dll
0x00007ff8b9b40000 - 0x00007ff8b9b4a000 	C:\Windows\System32\rasadhlp.dll
0x00007ff8b7ba0000 - 0x00007ff8b7c20000 	C:\Windows\System32\fwpuclnt.dll
0x00007ff8be610000 - 0x00007ff8be6a0000 	C:\Windows\system32\apphelp.dll

dbghelp: loaded successfully - version: 4.0.5 - missing functions: none
symbol engine: initialized successfully - sym options: 0x614 - pdb path: .;C:\Users\Lenovo\.jdks\liberica-17.0.8.1\bin;C:\Windows\SYSTEM32;C:\Windows\WinSxS\amd64_microsoft.windows.common-controls_6595b64144ccf1df_6.0.19041.3636_none_60b6a03d71f818d5;C:\Users\Lenovo\.jdks\liberica-17.0.8.1\bin\server;C:\Users\Lenovo\.gradle\native\68d5fa5c4cc2d200863cafc0d521ce42e7d3e7ee720ec0a83991735586a16f82\windows-amd64;C:\Users\Lenovo\.gradle\native\e376f236ea51e6404a007f0833ffe2c6e607c4080706a723a18a27aeea778392\windows-amd64;C:\Program Files\Bonjour

VM Arguments:
jvm_args: --add-opens=java.base/java.util=ALL-UNNAMED --add-opens=java.base/java.lang=ALL-UNNAMED --add-opens=java.base/java.lang.invoke=ALL-UNNAMED --add-opens=java.prefs/java.util.prefs=ALL-UNNAMED --add-opens=java.base/java.nio.charset=ALL-UNNAMED --add-opens=java.base/java.net=ALL-UNNAMED --add-opens=java.base/java.util.concurrent.atomic=ALL-UNNAMED -Xmx3G -Dfile.encoding=windows-1250 -Duser.country=CZ -Duser.language=cs -Duser.variant -javaagent:C:\Users\Lenovo\.gradle\wrapper\dists\gradle-8.1.1-bin\9wiye5v2saajue4irfo8ybqfp\gradle-8.1.1\lib\agents\gradle-instrumentation-agent-8.1.1.jar 
java_command: org.gradle.launcher.daemon.bootstrap.GradleDaemon 8.1.1
java_class_path (initial): C:\Users\Lenovo\.gradle\wrapper\dists\gradle-8.1.1-bin\9wiye5v2saajue4irfo8ybqfp\gradle-8.1.1\lib\gradle-launcher-8.1.1.jar
Launcher Type: SUN_STANDARD

[Global flags]
     intx CICompilerCount                          = 12                                        {product} {ergonomic}
     uint ConcGCThreads                            = 3                                         {product} {ergonomic}
     uint G1ConcRefinementThreads                  = 13                                        {product} {ergonomic}
   size_t G1HeapRegionSize                         = 2097152                                   {product} {ergonomic}
    uintx GCDrainStackTargetSize                   = 64                                        {product} {ergonomic}
   size_t InitialHeapSize                          = 232783872                                 {product} {ergonomic}
   size_t MarkStackSize                            = 4194304                                   {product} {ergonomic}
   size_t MaxHeapSize                              = 3221225472                                {product} {command line}
   size_t MaxNewSize                               = 1931476992                                {product} {ergonomic}
   size_t MinHeapDeltaBytes                        = 2097152                                   {product} {ergonomic}
   size_t MinHeapSize                              = 8388608                                   {product} {ergonomic}
    uintx NonNMethodCodeHeapSize                   = 7602480                                {pd product} {ergonomic}
    uintx NonProfiledCodeHeapSize                  = 122027880                              {pd product} {ergonomic}
    uintx ProfiledCodeHeapSize                     = 122027880                              {pd product} {ergonomic}
    uintx ReservedCodeCacheSize                    = 251658240                              {pd product} {ergonomic}
     bool SegmentedCodeCache                       = true                                      {product} {ergonomic}
   size_t SoftMaxHeapSize                          = 3221225472                             {manageable} {ergonomic}
     bool UseCompressedClassPointers               = true                           {product lp64_product} {ergonomic}
     bool UseCompressedOops                        = true                           {product lp64_product} {ergonomic}
     bool UseG1GC                                  = true                                      {product} {ergonomic}
     bool UseLargePagesIndividualAllocation        = false                                  {pd product} {ergonomic}

Logging:
Log output configuration:
 #0: stdout all=warning uptime,level,tags
 #1: stderr all=off uptime,level,tags

Environment Variables:
JAVA_HOME=C:\Program Files\Java\jdk-17
PATH=C:\Program Files\Common Files\Oracle\Java\javapath;C:\Windows\system32;C:\Windows;C:\Windows\System32\Wbem;C:\Windows\System32\WindowsPowerShell\v1.0\;C:\Windows\System32\OpenSSH\;C:\Program Files (x86)\leJOS NXJ\bin;C:\Program Files (x86)\IVI Foundation\VISA\WinNT\Bin;C:\Program Files\Java\jdk-17.0.4.1\bin;C:\Program Files\Git\cmd;C:\Program Files (x86)\dotnet\;C:\Users\Lenovo\AppData\Local\Microsoft\WindowsApps;;C:\Users\Lenovo\AppData\Local\Programs\Microsoft VS Code\bin
USERNAME=Lenovo
OS=Windows_NT
PROCESSOR_IDENTIFIER=AMD64 Family 23 Model 104 Stepping 1, AuthenticAMD
TMP=C:\Users\Lenovo\AppData\Local\Temp
TEMP=C:\Users\Lenovo\AppData\Local\Temp



---------------  S Y S T E M  ---------------

OS:
 Windows 10 , 64 bit Build 19041 (10.0.19041.3636)
OS uptime: 8 days 15:47 hours

CPU: total 16 (initial active 16) (16 cores per cpu, 2 threads per core) family 23 model 104 stepping 1 microcode 0x0, cx8, cmov, fxsr, ht, mmx, 3dnowpref, sse, sse2, sse3, ssse3, sse4a, sse4.1, sse4.2, popcnt, lzcnt, tsc, tscinvbit, avx, avx2, aes, clmul, bmi1, bmi2, adx, sha, fma, vzeroupper, clflush, clflushopt
Processor Information for all 16 processors :
  Max Mhz: 1801, Current Mhz: 1801, Mhz Limit: 1801

Memory: 4k page, system-wide physical 14197M (3021M free)
TotalPageFile size 57205M (AvailPageFile size 722M)
current process WorkingSet (physical memory assigned to process): 694M, peak: 694M
current process commit charge ("private bytes"): 794M, peak: 1674M

vm_info: OpenJDK 64-Bit Server VM (17.0.8.1+1-LTS) for windows-amd64 JRE (17.0.8.1+1-LTS), built on Aug 22 2023 02:12:42 by "" with MS VC++ 17.1 (VS2022)

END.
